Classic Timing Analyzer report for ex4
Fri Aug 22 15:19:15 2014
Quartus II Version 9.1 Build 350 03/24/2010 Service Pack 2 SJ Web Edition


---------------------
; Table of Contents ;
---------------------
  1. Legal Notice
  2. Timing Analyzer Summary
  3. Timing Analyzer Settings
  4. Clock Settings Summary
  5. Parallel Compilation
  6. Clock Setup: 'CLOCK'
  7. tsu
  8. tco
  9. th
 10. Timing Analyzer Messages



----------------
; Legal Notice ;
----------------
Copyright (C) 1991-2010 Altera Corporation
Your use of Altera Corporation's design tools, logic functions 
and other software and tools, and its AMPP partner logic 
functions, and any output files from any of the foregoing 
(including device programming or simulation files), and any 
associated documentation or information are expressly subject 
to the terms and conditions of the Altera Program License 
Subscription Agreement, Altera MegaCore Function License 
Agreement, or other applicable license agreement, including, 
without limitation, that your use is for the sole purpose of 
programming logic devices manufactured by Altera and sold by 
Altera or its authorized distributors.  Please refer to the 
applicable agreement for further details.



+------------------------------------------------------------------------------------------------------------------------------------------------------------------------------+
; Timing Analyzer Summary                                                                                                                                                      ;
+------------------------------+-------+---------------+------------------------------------------------+---------------+---------------+------------+----------+--------------+
; Type                         ; Slack ; Required Time ; Actual Time                                    ; From          ; To            ; From Clock ; To Clock ; Failed Paths ;
+------------------------------+-------+---------------+------------------------------------------------+---------------+---------------+------------+----------+--------------+
; Worst-case tsu               ; N/A   ; None          ; 4.546 ns                                       ; D             ; jkff2:inst6|2 ; --         ; CLOCK    ; 0            ;
; Worst-case tco               ; N/A   ; None          ; 7.704 ns                                       ; jkff2:inst6|2 ; Q0            ; CLOCK      ; --       ; 0            ;
; Worst-case th                ; N/A   ; None          ; -4.494 ns                                      ; D             ; jkff2:inst6|2 ; --         ; CLOCK    ; 0            ;
; Clock Setup: 'CLOCK'         ; N/A   ; None          ; Restricted to 275.03 MHz ( period = 3.636 ns ) ; inst5         ; inst1         ; CLOCK      ; CLOCK    ; 0            ;
; Total number of failed paths ;       ;               ;                                                ;               ;               ;            ;          ; 0            ;
+------------------------------+-------+---------------+------------------------------------------------+---------------+---------------+------------+----------+--------------+


+-----------------------------------------------------------------------------------------------------------------------------------------------------+
; Timing Analyzer Settings                                                                                                                            ;
+------------------------------------------------------------------------------------------------------+--------------------+------+----+-------------+
; Option                                                                                               ; Setting            ; From ; To ; Entity Name ;
+------------------------------------------------------------------------------------------------------+--------------------+------+----+-------------+
; Device Name                                                                                          ; EP1C3T100C8        ;      ;    ;             ;
; Timing Models                                                                                        ; Final              ;      ;    ;             ;
; Default hold multicycle                                                                              ; Same as Multicycle ;      ;    ;             ;
; Cut paths between unrelated clock domains                                                            ; On                 ;      ;    ;             ;
; Cut off read during write signal paths                                                               ; On                 ;      ;    ;             ;
; Cut off feedback from I/O pins                                                                       ; On                 ;      ;    ;             ;
; Report Combined Fast/Slow Timing                                                                     ; Off                ;      ;    ;             ;
; Ignore Clock Settings                                                                                ; Off                ;      ;    ;             ;
; Analyze latches as synchronous elements                                                              ; On                 ;      ;    ;             ;
; Enable Recovery/Removal analysis                                                                     ; Off                ;      ;    ;             ;
; Enable Clock Latency                                                                                 ; Off                ;      ;    ;             ;
; Use TimeQuest Timing Analyzer                                                                        ; Off                ;      ;    ;             ;
; Minimum Core Junction Temperature                                                                    ; 0                  ;      ;    ;             ;
; Maximum Core Junction Temperature                                                                    ; 85                 ;      ;    ;             ;
; Number of source nodes to report per destination node                                                ; 10                 ;      ;    ;             ;
; Number of destination nodes to report                                                                ; 10                 ;      ;    ;             ;
; Number of paths to report                                                                            ; 200                ;      ;    ;             ;
; Report Minimum Timing Checks                                                                         ; Off                ;      ;    ;             ;
; Use Fast Timing Models                                                                               ; Off                ;      ;    ;             ;
; Report IO Paths Separately                                                                           ; Off                ;      ;    ;             ;
; Perform Multicorner Analysis                                                                         ; Off                ;      ;    ;             ;
; Reports the worst-case path for each clock domain and analysis                                       ; Off                ;      ;    ;             ;
; Reports worst-case timing paths for each clock domain and analysis                                   ; On                 ;      ;    ;             ;
; Specifies the maximum number of worst-case timing paths to report for each clock domain and analysis ; 100                ;      ;    ;             ;
; Removes common clock path pessimism (CCPP) during slack computation                                  ; Off                ;      ;    ;             ;
; Output I/O Timing Endpoint                                                                           ; Near End           ;      ;    ;             ;
+------------------------------------------------------------------------------------------------------+--------------------+------+----+-------------+


+------------------------------------------------------------------------------------------------------------------------------------------------------------------------------------+
; Clock Settings Summary                                                                                                                                                             ;
+-----------------+--------------------+----------+------------------+---------------+--------------+----------+-----------------------+---------------------+--------+--------------+
; Clock Node Name ; Clock Setting Name ; Type     ; Fmax Requirement ; Early Latency ; Late Latency ; Based on ; Multiply Base Fmax by ; Divide Base Fmax by ; Offset ; Phase offset ;
+-----------------+--------------------+----------+------------------+---------------+--------------+----------+-----------------------+---------------------+--------+--------------+
; CLOCK           ;                    ; User Pin ; None             ; 0.000 ns      ; 0.000 ns     ; --       ; N/A                   ; N/A                 ; N/A    ;              ;
+-----------------+--------------------+----------+------------------+---------------+--------------+----------+-----------------------+---------------------+--------+--------------+


Parallel compilation was disabled, but you have multiple processors available. Enable parallel compilation to reduce compilation time.
+-------------------------------------+
; Parallel Compilation                ;
+----------------------------+--------+
; Processors                 ; Number ;
+----------------------------+--------+
; Number detected on machine ; 2      ;
; Maximum allowed            ; 1      ;
+----------------------------+--------+


+----------------------------------------------------------------------------------------------------------------------------------------------------------------------------------------------------+
; Clock Setup: 'CLOCK'                                                                                                                                                                               ;
+-------+------------------------------------------------+---------------+---------------+------------+----------+-----------------------------+---------------------------+-------------------------+
; Slack ; Actual fmax (period)                           ; From          ; To            ; From Clock ; To Clock ; Required Setup Relationship ; Required Longest P2P Time ; Actual Longest P2P Time ;
+-------+------------------------------------------------+---------------+---------------+------------+----------+-----------------------------+---------------------------+-------------------------+
; N/A   ; Restricted to 275.03 MHz ( period = 3.636 ns ) ; inst5         ; inst1         ; CLOCK      ; CLOCK    ; None                        ; None                      ; 0.832 ns                ;
; N/A   ; Restricted to 275.03 MHz ( period = 3.636 ns ) ; inst1         ; inst2         ; CLOCK      ; CLOCK    ; None                        ; None                      ; 0.830 ns                ;
; N/A   ; Restricted to 275.03 MHz ( period = 3.636 ns ) ; jkff2:inst6|2 ; jkff2:inst9|2 ; CLOCK      ; CLOCK    ; None                        ; None                      ; 0.663 ns                ;
; N/A   ; Restricted to 275.03 MHz ( period = 3.636 ns ) ; jkff2:inst9|2 ; jkff2:inst7|2 ; CLOCK      ; CLOCK    ; None                        ; None                      ; 0.662 ns                ;
; N/A   ; Restricted to 275.03 MHz ( period = 3.636 ns ) ; jkff2:inst7|2 ; jkff2:inst8|2 ; CLOCK      ; CLOCK    ; None                        ; None                      ; 0.662 ns                ;
; N/A   ; Restricted to 275.03 MHz ( period = 3.636 ns ) ; inst3         ; inst4         ; CLOCK      ; CLOCK    ; None                        ; None                      ; 0.657 ns                ;
; N/A   ; Restricted to 275.03 MHz ( period = 3.636 ns ) ; inst2         ; inst3         ; CLOCK      ; CLOCK    ; None                        ; None                      ; 0.657 ns                ;
; N/A   ; Restricted to 275.03 MHz ( period = 3.636 ns ) ; inst4         ; inst5         ; CLOCK      ; CLOCK    ; None                        ; None                      ; 0.652 ns                ;
+-------+------------------------------------------------+---------------+---------------+------------+----------+-----------------------------+---------------------------+-------------------------+


+---------------------------------------------------------------------+
; tsu                                                                 ;
+-------+--------------+------------+------+---------------+----------+
; Slack ; Required tsu ; Actual tsu ; From ; To            ; To Clock ;
+-------+--------------+------------+------+---------------+----------+
; N/A   ; None         ; 4.546 ns   ; D    ; jkff2:inst6|2 ; CLOCK    ;
+-------+--------------+------------+------+---------------+----------+


+---------------------------------------------------------------------+
; tco                                                                 ;
+-------+--------------+------------+---------------+----+------------+
; Slack ; Required tco ; Actual tco ; From          ; To ; From Clock ;
+-------+--------------+------------+---------------+----+------------+
; N/A   ; None         ; 7.704 ns   ; jkff2:inst6|2 ; Q0 ; CLOCK      ;
; N/A   ; None         ; 6.407 ns   ; jkff2:inst8|2 ; Q3 ; CLOCK      ;
; N/A   ; None         ; 6.226 ns   ; jkff2:inst7|2 ; Q2 ; CLOCK      ;
; N/A   ; None         ; 6.226 ns   ; jkff2:inst9|2 ; Q1 ; CLOCK      ;
+-------+--------------+------------+---------------+----+------------+


+---------------------------------------------------------------------------+
; th                                                                        ;
+---------------+-------------+-----------+------+---------------+----------+
; Minimum Slack ; Required th ; Actual th ; From ; To            ; To Clock ;
+---------------+-------------+-----------+------+---------------+----------+
; N/A           ; None        ; -4.494 ns ; D    ; jkff2:inst6|2 ; CLOCK    ;
+---------------+-------------+-----------+------+---------------+----------+


+--------------------------+
; Timing Analyzer Messages ;
+--------------------------+
Info: *******************************************************************
Info: Running Quartus II Classic Timing Analyzer
    Info: Version 9.1 Build 350 03/24/2010 Service Pack 2 SJ Web Edition
    Info: Processing started: Fri Aug 22 15:19:15 2014
Info: Command: quartus_tan --read_settings_files=off --write_settings_files=off ex4 -c ex4 --timing_analysis_only
Warning: Found pins functioning as undefined clocks and/or memory enables
    Info: Assuming node "CLOCK" is an undefined clock
Info: Clock "CLOCK" Internal fmax is restricted to 275.03 MHz between source register "inst5" and destination register "inst1"
    Info: fmax restricted to Clock High delay (1.818 ns) plus Clock Low delay (1.818 ns) : restricted to 3.636 ns. Expand message to see actual delay path.
        Info: + Longest register to register delay is 0.832 ns
            Info: 1: + IC(0.000 ns) + CELL(0.000 ns) = 0.000 ns; Loc. = LC_X7_Y2_N3; Fanout = 5; REG Node = 'inst5'
            Info: 2: + IC(0.523 ns) + CELL(0.309 ns) = 0.832 ns; Loc. = LC_X7_Y2_N5; Fanout = 1; REG Node = 'inst1'
            Info: Total cell delay = 0.309 ns ( 37.14 % )
            Info: Total interconnect delay = 0.523 ns ( 62.86 % )
        Info: - Smallest clock skew is 0.000 ns
            Info: + Shortest clock path from clock "CLOCK" to destination register is 2.730 ns
                Info: 1: + IC(0.000 ns) + CELL(1.469 ns) = 1.469 ns; Loc. = PIN_10; Fanout = 9; CLK Node = 'CLOCK'
                Info: 2: + IC(0.550 ns) + CELL(0.711 ns) = 2.730 ns; Loc. = LC_X7_Y2_N5; Fanout = 1; REG Node = 'inst1'
                Info: Total cell delay = 2.180 ns ( 79.85 % )
                Info: Total interconnect delay = 0.550 ns ( 20.15 % )
            Info: - Longest clock path from clock "CLOCK" to source register is 2.730 ns
                Info: 1: + IC(0.000 ns) + CELL(1.469 ns) = 1.469 ns; Loc. = PIN_10; Fanout = 9; CLK Node = 'CLOCK'
                Info: 2: + IC(0.550 ns) + CELL(0.711 ns) = 2.730 ns; Loc. = LC_X7_Y2_N3; Fanout = 5; REG Node = 'inst5'
                Info: Total cell delay = 2.180 ns ( 79.85 % )
                Info: Total interconnect delay = 0.550 ns ( 20.15 % )
        Info: + Micro clock to output delay of source is 0.224 ns
        Info: + Micro setup delay of destination is 0.037 ns
Info: tsu for register "jkff2:inst6|2" (data pin = "D", clock pin = "CLOCK") is 4.546 ns
    Info: + Longest pin to register delay is 7.239 ns
        Info: 1: + IC(0.000 ns) + CELL(1.469 ns) = 1.469 ns; Loc. = PIN_5; Fanout = 1; PIN Node = 'D'
        Info: 2: + IC(5.461 ns) + CELL(0.309 ns) = 7.239 ns; Loc. = LC_X1_Y2_N2; Fanout = 2; REG Node = 'jkff2:inst6|2'
        Info: Total cell delay = 1.778 ns ( 24.56 % )
        Info: Total interconnect delay = 5.461 ns ( 75.44 % )
    Info: + Micro setup delay of destination is 0.037 ns
    Info: - Shortest clock path from clock "CLOCK" to destination register is 2.730 ns
        Info: 1: + IC(0.000 ns) + CELL(1.469 ns) = 1.469 ns; Loc. = PIN_10; Fanout = 9; CLK Node = 'CLOCK'
        Info: 2: + IC(0.550 ns) + CELL(0.711 ns) = 2.730 ns; Loc. = LC_X1_Y2_N2; Fanout = 2; REG Node = 'jkff2:inst6|2'
        Info: Total cell delay = 2.180 ns ( 79.85 % )
        Info: Total interconnect delay = 0.550 ns ( 20.15 % )
Info: tco from clock "CLOCK" to destination pin "Q0" through register "jkff2:inst6|2" is 7.704 ns
    Info: + Longest clock path from clock "CLOCK" to source register is 2.730 ns
        Info: 1: + IC(0.000 ns) + CELL(1.469 ns) = 1.469 ns; Loc. = PIN_10; Fanout = 9; CLK Node = 'CLOCK'
        Info: 2: + IC(0.550 ns) + CELL(0.711 ns) = 2.730 ns; Loc. = LC_X1_Y2_N2; Fanout = 2; REG Node = 'jkff2:inst6|2'
        Info: Total cell delay = 2.180 ns ( 79.85 % )
        Info: Total interconnect delay = 0.550 ns ( 20.15 % )
    Info: + Micro clock to output delay of source is 0.224 ns
    Info: + Longest register to pin delay is 4.750 ns
        Info: 1: + IC(0.000 ns) + CELL(0.000 ns) = 0.000 ns; Loc. = LC_X1_Y2_N2; Fanout = 2; REG Node = 'jkff2:inst6|2'
        Info: 2: + IC(2.626 ns) + CELL(2.124 ns) = 4.750 ns; Loc. = PIN_3; Fanout = 0; PIN Node = 'Q0'
        Info: Total cell delay = 2.124 ns ( 44.72 % )
        Info: Total interconnect delay = 2.626 ns ( 55.28 % )
Info: th for register "jkff2:inst6|2" (data pin = "D", clock pin = "CLOCK") is -4.494 ns
    Info: + Longest clock path from clock "CLOCK" to destination register is 2.730 ns
        Info: 1: + IC(0.000 ns) + CELL(1.469 ns) = 1.469 ns; Loc. = PIN_10; Fanout = 9; CLK Node = 'CLOCK'
        Info: 2: + IC(0.550 ns) + CELL(0.711 ns) = 2.730 ns; Loc. = LC_X1_Y2_N2; Fanout = 2; REG Node = 'jkff2:inst6|2'
        Info: Total cell delay = 2.180 ns ( 79.85 % )
        Info: Total interconnect delay = 0.550 ns ( 20.15 % )
    Info: + Micro hold delay of destination is 0.015 ns
    Info: - Shortest pin to register delay is 7.239 ns
        Info: 1: + IC(0.000 ns) + CELL(1.469 ns) = 1.469 ns; Loc. = PIN_5; Fanout = 1; PIN Node = 'D'
        Info: 2: + IC(5.461 ns) + CELL(0.309 ns) = 7.239 ns; Loc. = LC_X1_Y2_N2; Fanout = 2; REG Node = 'jkff2:inst6|2'
        Info: Total cell delay = 1.778 ns ( 24.56 % )
        Info: Total interconnect delay = 5.461 ns ( 75.44 % )
Info: Quartus II Classic Timing Analyzer was successful. 0 errors, 1 warning
    Info: Peak virtual memory: 147 megabytes
    Info: Processing ended: Fri Aug 22 15:19:15 2014
    Info: Elapsed time: 00:00:00
    Info: Total CPU time (on all processors): 00:00:00


