Classic Timing Analyzer report for ex2
Fri Aug 15 16:54:31 2014
Quartus II Version 9.1 Build 350 03/24/2010 Service Pack 2 SJ Web Edition


---------------------
; Table of Contents ;
---------------------
  1. Legal Notice
  2. Timing Analyzer Summary
  3. Timing Analyzer Settings
  4. Clock Settings Summary
  5. Parallel Compilation
  6. Clock Setup: 'CLOCK'
  7. tsu
  8. tco
  9. th
 10. Timing Analyzer Messages



----------------
; Legal Notice ;
----------------
Copyright (C) 1991-2010 Altera Corporation
Your use of Altera Corporation's design tools, logic functions 
and other software and tools, and its AMPP partner logic 
functions, and any output files from any of the foregoing 
(including device programming or simulation files), and any 
associated documentation or information are expressly subject 
to the terms and conditions of the Altera Program License 
Subscription Agreement, Altera MegaCore Function License 
Agreement, or other applicable license agreement, including, 
without limitation, that your use is for the sole purpose of 
programming logic devices manufactured by Altera and sold by 
Altera or its authorized distributors.  Please refer to the 
applicable agreement for further details.



+--------------------------------------------------------------------------------------------------------------------------------------------------------------+
; Timing Analyzer Summary                                                                                                                                      ;
+------------------------------+-------+---------------+------------------------------------------------+-------+-------+------------+----------+--------------+
; Type                         ; Slack ; Required Time ; Actual Time                                    ; From  ; To    ; From Clock ; To Clock ; Failed Paths ;
+------------------------------+-------+---------------+------------------------------------------------+-------+-------+------------+----------+--------------+
; Worst-case tsu               ; N/A   ; None          ; 3.941 ns                                       ; D     ; inst4 ; --         ; CLOCK    ; 0            ;
; Worst-case tco               ; N/A   ; None          ; 7.154 ns                                       ; inst2 ; Q2    ; CLOCK      ; --       ; 0            ;
; Worst-case th                ; N/A   ; None          ; -3.889 ns                                      ; D     ; inst4 ; --         ; CLOCK    ; 0            ;
; Clock Setup: 'CLOCK'         ; N/A   ; None          ; Restricted to 275.03 MHz ( period = 3.636 ns ) ; inst3 ; inst2 ; CLOCK      ; CLOCK    ; 0            ;
; Total number of failed paths ;       ;               ;                                                ;       ;       ;            ;          ; 0            ;
+------------------------------+-------+---------------+------------------------------------------------+-------+-------+------------+----------+--------------+


+-----------------------------------------------------------------------------------------------------------------------------------------------------+
; Timing Analyzer Settings                                                                                                                            ;
+------------------------------------------------------------------------------------------------------+--------------------+------+----+-------------+
; Option                                                                                               ; Setting            ; From ; To ; Entity Name ;
+------------------------------------------------------------------------------------------------------+--------------------+------+----+-------------+
; Device Name                                                                                          ; EP1C3T100C8        ;      ;    ;             ;
; Timing Models                                                                                        ; Final              ;      ;    ;             ;
; Default hold multicycle                                                                              ; Same as Multicycle ;      ;    ;             ;
; Cut paths between unrelated clock domains                                                            ; On                 ;      ;    ;             ;
; Cut off read during write signal paths                                                               ; On                 ;      ;    ;             ;
; Cut off feedback from I/O pins                                                                       ; On                 ;      ;    ;             ;
; Report Combined Fast/Slow Timing                                                                     ; Off                ;      ;    ;             ;
; Ignore Clock Settings                                                                                ; Off                ;      ;    ;             ;
; Analyze latches as synchronous elements                                                              ; On                 ;      ;    ;             ;
; Enable Recovery/Removal analysis                                                                     ; Off                ;      ;    ;             ;
; Enable Clock Latency                                                                                 ; Off                ;      ;    ;             ;
; Use TimeQuest Timing Analyzer                                                                        ; Off                ;      ;    ;             ;
; Minimum Core Junction Temperature                                                                    ; 0                  ;      ;    ;             ;
; Maximum Core Junction Temperature                                                                    ; 85                 ;      ;    ;             ;
; Number of source nodes to report per destination node                                                ; 10                 ;      ;    ;             ;
; Number of destination nodes to report                                                                ; 10                 ;      ;    ;             ;
; Number of paths to report                                                                            ; 200                ;      ;    ;             ;
; Report Minimum Timing Checks                                                                         ; Off                ;      ;    ;             ;
; Use Fast Timing Models                                                                               ; Off                ;      ;    ;             ;
; Report IO Paths Separately                                                                           ; Off                ;      ;    ;             ;
; Perform Multicorner Analysis                                                                         ; Off                ;      ;    ;             ;
; Reports the worst-case path for each clock domain and analysis                                       ; Off                ;      ;    ;             ;
; Reports worst-case timing paths for each clock domain and analysis                                   ; On                 ;      ;    ;             ;
; Specifies the maximum number of worst-case timing paths to report for each clock domain and analysis ; 100                ;      ;    ;             ;
; Removes common clock path pessimism (CCPP) during slack computation                                  ; Off                ;      ;    ;             ;
; Output I/O Timing Endpoint                                                                           ; Near End           ;      ;    ;             ;
+------------------------------------------------------------------------------------------------------+--------------------+------+----+-------------+


+------------------------------------------------------------------------------------------------------------------------------------------------------------------------------------+
; Clock Settings Summary                                                                                                                                                             ;
+-----------------+--------------------+----------+------------------+---------------+--------------+----------+-----------------------+---------------------+--------+--------------+
; Clock Node Name ; Clock Setting Name ; Type     ; Fmax Requirement ; Early Latency ; Late Latency ; Based on ; Multiply Base Fmax by ; Divide Base Fmax by ; Offset ; Phase offset ;
+-----------------+--------------------+----------+------------------+---------------+--------------+----------+-----------------------+---------------------+--------+--------------+
; CLOCK           ;                    ; User Pin ; None             ; 0.000 ns      ; 0.000 ns     ; --       ; N/A                   ; N/A                 ; N/A    ;              ;
+-----------------+--------------------+----------+------------------+---------------+--------------+----------+-----------------------+---------------------+--------+--------------+


Parallel compilation was disabled, but you have multiple processors available. Enable parallel compilation to reduce compilation time.
+-------------------------------------+
; Parallel Compilation                ;
+----------------------------+--------+
; Processors                 ; Number ;
+----------------------------+--------+
; Number detected on machine ; 2      ;
; Maximum allowed            ; 1      ;
+----------------------------+--------+


+------------------------------------------------------------------------------------------------------------------------------------------------------------------------------------+
; Clock Setup: 'CLOCK'                                                                                                                                                               ;
+-------+------------------------------------------------+-------+-------+------------+----------+-----------------------------+---------------------------+-------------------------+
; Slack ; Actual fmax (period)                           ; From  ; To    ; From Clock ; To Clock ; Required Setup Relationship ; Required Longest P2P Time ; Actual Longest P2P Time ;
+-------+------------------------------------------------+-------+-------+------------+----------+-----------------------------+---------------------------+-------------------------+
; N/A   ; Restricted to 275.03 MHz ( period = 3.636 ns ) ; inst3 ; inst2 ; CLOCK      ; CLOCK    ; None                        ; None                      ; 0.663 ns                ;
; N/A   ; Restricted to 275.03 MHz ( period = 3.636 ns ) ; inst4 ; inst3 ; CLOCK      ; CLOCK    ; None                        ; None                      ; 0.662 ns                ;
; N/A   ; Restricted to 275.03 MHz ( period = 3.636 ns ) ; inst2 ; inst1 ; CLOCK      ; CLOCK    ; None                        ; None                      ; 0.662 ns                ;
; N/A   ; Restricted to 275.03 MHz ( period = 3.636 ns ) ; inst1 ; inst  ; CLOCK      ; CLOCK    ; None                        ; None                      ; 0.654 ns                ;
+-------+------------------------------------------------+-------+-------+------------+----------+-----------------------------+---------------------------+-------------------------+


+-------------------------------------------------------------+
; tsu                                                         ;
+-------+--------------+------------+------+-------+----------+
; Slack ; Required tsu ; Actual tsu ; From ; To    ; To Clock ;
+-------+--------------+------------+------+-------+----------+
; N/A   ; None         ; 3.941 ns   ; D    ; inst4 ; CLOCK    ;
+-------+--------------+------------+------+-------+----------+


+-------------------------------------------------------------+
; tco                                                         ;
+-------+--------------+------------+-------+----+------------+
; Slack ; Required tco ; Actual tco ; From  ; To ; From Clock ;
+-------+--------------+------------+-------+----+------------+
; N/A   ; None         ; 7.154 ns   ; inst2 ; Q2 ; CLOCK      ;
; N/A   ; None         ; 6.657 ns   ; inst1 ; Q3 ; CLOCK      ;
; N/A   ; None         ; 6.650 ns   ; inst3 ; Q1 ; CLOCK      ;
; N/A   ; None         ; 6.649 ns   ; inst  ; Q4 ; CLOCK      ;
; N/A   ; None         ; 6.260 ns   ; inst4 ; Q0 ; CLOCK      ;
+-------+--------------+------------+-------+----+------------+


+-------------------------------------------------------------------+
; th                                                                ;
+---------------+-------------+-----------+------+-------+----------+
; Minimum Slack ; Required th ; Actual th ; From ; To    ; To Clock ;
+---------------+-------------+-----------+------+-------+----------+
; N/A           ; None        ; -3.889 ns ; D    ; inst4 ; CLOCK    ;
+---------------+-------------+-----------+------+-------+----------+


+--------------------------+
; Timing Analyzer Messages ;
+--------------------------+
Info: *******************************************************************
Info: Running Quartus II Classic Timing Analyzer
    Info: Version 9.1 Build 350 03/24/2010 Service Pack 2 SJ Web Edition
    Info: Processing started: Fri Aug 15 16:54:31 2014
Info: Command: quartus_tan --read_settings_files=off --write_settings_files=off ex2 -c ex2 --timing_analysis_only
Warning: Found pins functioning as undefined clocks and/or memory enables
    Info: Assuming node "CLOCK" is an undefined clock
Info: Clock "CLOCK" Internal fmax is restricted to 275.03 MHz between source register "inst3" and destination register "inst2"
    Info: fmax restricted to Clock High delay (1.818 ns) plus Clock Low delay (1.818 ns) : restricted to 3.636 ns. Expand message to see actual delay path.
        Info: + Longest register to register delay is 0.663 ns
            Info: 1: + IC(0.000 ns) + CELL(0.000 ns) = 0.000 ns; Loc. = LC_X1_Y11_N7; Fanout = 2; REG Node = 'inst3'
            Info: 2: + IC(0.548 ns) + CELL(0.115 ns) = 0.663 ns; Loc. = LC_X1_Y11_N2; Fanout = 2; REG Node = 'inst2'
            Info: Total cell delay = 0.115 ns ( 17.35 % )
            Info: Total interconnect delay = 0.548 ns ( 82.65 % )
        Info: - Smallest clock skew is 0.000 ns
            Info: + Shortest clock path from clock "CLOCK" to destination register is 2.768 ns
                Info: 1: + IC(0.000 ns) + CELL(1.469 ns) = 1.469 ns; Loc. = PIN_10; Fanout = 5; CLK Node = 'CLOCK'
                Info: 2: + IC(0.588 ns) + CELL(0.711 ns) = 2.768 ns; Loc. = LC_X1_Y11_N2; Fanout = 2; REG Node = 'inst2'
                Info: Total cell delay = 2.180 ns ( 78.76 % )
                Info: Total interconnect delay = 0.588 ns ( 21.24 % )
            Info: - Longest clock path from clock "CLOCK" to source register is 2.768 ns
                Info: 1: + IC(0.000 ns) + CELL(1.469 ns) = 1.469 ns; Loc. = PIN_10; Fanout = 5; CLK Node = 'CLOCK'
                Info: 2: + IC(0.588 ns) + CELL(0.711 ns) = 2.768 ns; Loc. = LC_X1_Y11_N7; Fanout = 2; REG Node = 'inst3'
                Info: Total cell delay = 2.180 ns ( 78.76 % )
                Info: Total interconnect delay = 0.588 ns ( 21.24 % )
        Info: + Micro clock to output delay of source is 0.224 ns
        Info: + Micro setup delay of destination is 0.037 ns
Info: tsu for register "inst4" (data pin = "D", clock pin = "CLOCK") is 3.941 ns
    Info: + Longest pin to register delay is 6.672 ns
        Info: 1: + IC(0.000 ns) + CELL(1.469 ns) = 1.469 ns; Loc. = PIN_2; Fanout = 1; PIN Node = 'D'
        Info: 2: + IC(5.088 ns) + CELL(0.115 ns) = 6.672 ns; Loc. = LC_X1_Y11_N9; Fanout = 2; REG Node = 'inst4'
        Info: Total cell delay = 1.584 ns ( 23.74 % )
        Info: Total interconnect delay = 5.088 ns ( 76.26 % )
    Info: + Micro setup delay of destination is 0.037 ns
    Info: - Shortest clock path from clock "CLOCK" to destination register is 2.768 ns
        Info: 1: + IC(0.000 ns) + CELL(1.469 ns) = 1.469 ns; Loc. = PIN_10; Fanout = 5; CLK Node = 'CLOCK'
        Info: 2: + IC(0.588 ns) + CELL(0.711 ns) = 2.768 ns; Loc. = LC_X1_Y11_N9; Fanout = 2; REG Node = 'inst4'
        Info: Total cell delay = 2.180 ns ( 78.76 % )
        Info: Total interconnect delay = 0.588 ns ( 21.24 % )
Info: tco from clock "CLOCK" to destination pin "Q2" through register "inst2" is 7.154 ns
    Info: + Longest clock path from clock "CLOCK" to source register is 2.768 ns
        Info: 1: + IC(0.000 ns) + CELL(1.469 ns) = 1.469 ns; Loc. = PIN_10; Fanout = 5; CLK Node = 'CLOCK'
        Info: 2: + IC(0.588 ns) + CELL(0.711 ns) = 2.768 ns; Loc. = LC_X1_Y11_N2; Fanout = 2; REG Node = 'inst2'
        Info: Total cell delay = 2.180 ns ( 78.76 % )
        Info: Total interconnect delay = 0.588 ns ( 21.24 % )
    Info: + Micro clock to output delay of source is 0.224 ns
    Info: + Longest register to pin delay is 4.162 ns
        Info: 1: + IC(0.000 ns) + CELL(0.000 ns) = 0.000 ns; Loc. = LC_X1_Y11_N2; Fanout = 2; REG Node = 'inst2'
        Info: 2: + IC(2.038 ns) + CELL(2.124 ns) = 4.162 ns; Loc. = PIN_20; Fanout = 0; PIN Node = 'Q2'
        Info: Total cell delay = 2.124 ns ( 51.03 % )
        Info: Total interconnect delay = 2.038 ns ( 48.97 % )
Info: th for register "inst4" (data pin = "D", clock pin = "CLOCK") is -3.889 ns
    Info: + Longest clock path from clock "CLOCK" to destination register is 2.768 ns
        Info: 1: + IC(0.000 ns) + CELL(1.469 ns) = 1.469 ns; Loc. = PIN_10; Fanout = 5; CLK Node = 'CLOCK'
        Info: 2: + IC(0.588 ns) + CELL(0.711 ns) = 2.768 ns; Loc. = LC_X1_Y11_N9; Fanout = 2; REG Node = 'inst4'
        Info: Total cell delay = 2.180 ns ( 78.76 % )
        Info: Total interconnect delay = 0.588 ns ( 21.24 % )
    Info: + Micro hold delay of destination is 0.015 ns
    Info: - Shortest pin to register delay is 6.672 ns
        Info: 1: + IC(0.000 ns) + CELL(1.469 ns) = 1.469 ns; Loc. = PIN_2; Fanout = 1; PIN Node = 'D'
        Info: 2: + IC(5.088 ns) + CELL(0.115 ns) = 6.672 ns; Loc. = LC_X1_Y11_N9; Fanout = 2; REG Node = 'inst4'
        Info: Total cell delay = 1.584 ns ( 23.74 % )
        Info: Total interconnect delay = 5.088 ns ( 76.26 % )
Info: Quartus II Classic Timing Analyzer was successful. 0 errors, 1 warning
    Info: Peak virtual memory: 143 megabytes
    Info: Processing ended: Fri Aug 15 16:54:31 2014
    Info: Elapsed time: 00:00:00
    Info: Total CPU time (on all processors): 00:00:00


