Flow report for circuito1
Fri Sep 26 17:19:47 2014
Quartus II Version 9.1 Build 350 03/24/2010 Service Pack 2 SJ Web Edition


---------------------
; Table of Contents ;
---------------------
  1. Legal Notice
  2. Flow Summary
  3. Flow Settings
  4. Flow Non-Default Global Settings
  5. Flow Elapsed Time
  6. Flow OS Summary
  7. Flow Log



----------------
; Legal Notice ;
----------------
Copyright (C) 1991-2010 Altera Corporation
Your use of Altera Corporation's design tools, logic functions 
and other software and tools, and its AMPP partner logic 
functions, and any output files from any of the foregoing 
(including device programming or simulation files), and any 
associated documentation or information are expressly subject 
to the terms and conditions of the Altera Program License 
Subscription Agreement, Altera MegaCore Function License 
Agreement, or other applicable license agreement, including, 
without limitation, that your use is for the sole purpose of 
programming logic devices manufactured by Altera and sold by 
Altera or its authorized distributors.  Please refer to the 
applicable agreement for further details.



+------------------------------------------------------------------------+
; Flow Summary                                                           ;
+-------------------------+----------------------------------------------+
; Flow Status             ; Successful - Fri Sep 26 17:19:47 2014        ;
; Quartus II Version      ; 9.1 Build 350 03/24/2010 SP 2 SJ Web Edition ;
; Revision Name           ; circuito1                                    ;
; Top-level Entity Name   ; circuito1                                    ;
; Family                  ; Cyclone                                      ;
; Device                  ; EP1C3T100C8                                  ;
; Timing Models           ; Final                                        ;
; Met timing requirements ; No                                           ;
; Total logic elements    ; 103 / 2,910 ( 4 % )                          ;
; Total pins              ; 13 / 65 ( 20 % )                             ;
; Total virtual pins      ; 0                                            ;
; Total memory bits       ; 0 / 59,904 ( 0 % )                           ;
; Total PLLs              ; 0 / 1 ( 0 % )                                ;
+-------------------------+----------------------------------------------+


+-----------------------------------------+
; Flow Settings                           ;
+-------------------+---------------------+
; Option            ; Setting             ;
+-------------------+---------------------+
; Start date & time ; 09/26/2014 17:19:40 ;
; Main task         ; Compilation         ;
; Revision Name     ; circuito1           ;
+-------------------+---------------------+


+----------------------------------------------------------------------------------------------------------------------------------+
; Flow Non-Default Global Settings                                                                                                 ;
+------------------------------------+----------------------------------------------+---------------+-------------+----------------+
; Assignment Name                    ; Value                                        ; Default Value ; Entity Name ; Section Id     ;
+------------------------------------+----------------------------------------------+---------------+-------------+----------------+
; COMPILER_SIGNATURE_ID              ; 198572360166041.141176277901572              ; --            ; --          ; --             ;
; IP_TOOL_NAME                       ; LPM_COUNTER                                  ; --            ; --          ; --             ;
; IP_TOOL_NAME                       ; LPM_COUNTER                                  ; --            ; --          ; --             ;
; IP_TOOL_VERSION                    ; 9.1                                          ; --            ; --          ; --             ;
; IP_TOOL_VERSION                    ; 9.1                                          ; --            ; --          ; --             ;
; MAX_CORE_JUNCTION_TEMP             ; 85                                           ; --            ; --          ; --             ;
; MIN_CORE_JUNCTION_TEMP             ; 0                                            ; --            ; --          ; --             ;
; MISC_FILE                          ; divisor.bsf                                  ; --            ; --          ; --             ;
; MISC_FILE                          ; divisor_inst.vhd                             ; --            ; --          ; --             ;
; MISC_FILE                          ; divisor.inc                                  ; --            ; --          ; --             ;
; MISC_FILE                          ; divisor.cmp                                  ; --            ; --          ; --             ;
; MISC_FILE                          ; C:/Users/Aluno/Desktop/DIVISOR/circuito1.dpf ; --            ; --          ; --             ;
; MISC_FILE                          ; divisor120.bsf                               ; --            ; --          ; --             ;
; MISC_FILE                          ; divisor120_inst.vhd                          ; --            ; --          ; --             ;
; MISC_FILE                          ; divisor120.inc                               ; --            ; --          ; --             ;
; MISC_FILE                          ; divisor120.cmp                               ; --            ; --          ; --             ;
; PARTITION_COLOR                    ; 16764057                                     ; --            ; --          ; Top            ;
; PARTITION_NETLIST_TYPE             ; SOURCE                                       ; --            ; --          ; Top            ;
; USE_GENERATED_PHYSICAL_CONSTRAINTS ; Off                                          ; --            ; --          ; eda_blast_fpga ;
+------------------------------------+----------------------------------------------+---------------+-------------+----------------+


+-----------------------------------------------------------------------------------------------------------------------------+
; Flow Elapsed Time                                                                                                           ;
+-------------------------+--------------+-------------------------+---------------------+------------------------------------+
; Module Name             ; Elapsed Time ; Average Processors Used ; Peak Virtual Memory ; Total CPU Time (on all processors) ;
+-------------------------+--------------+-------------------------+---------------------+------------------------------------+
; Analysis & Synthesis    ; 00:00:02     ; 1.0                     ; 224 MB              ; 00:00:02                           ;
; Fitter                  ; 00:00:02     ; 1.0                     ; 182 MB              ; 00:00:02                           ;
; Assembler               ; 00:00:01     ; 1.0                     ; 168 MB              ; 00:00:00                           ;
; Classic Timing Analyzer ; 00:00:00     ; 1.0                     ; 134 MB              ; 00:00:00                           ;
; Total                   ; 00:00:05     ; --                      ; --                  ; 00:00:04                           ;
+-------------------------+--------------+-------------------------+---------------------+------------------------------------+


+------------------------------------------------------------------------------------------+
; Flow OS Summary                                                                          ;
+-------------------------+------------------+---------------+------------+----------------+
; Module Name             ; Machine Hostname ; OS Name       ; OS Version ; Processor type ;
+-------------------------+------------------+---------------+------------+----------------+
; Analysis & Synthesis    ; FL-ELN-ELD-05    ; Windows Vista ; 6.1        ; i1686          ;
; Fitter                  ; FL-ELN-ELD-05    ; Windows Vista ; 6.1        ; i1686          ;
; Assembler               ; FL-ELN-ELD-05    ; Windows Vista ; 6.1        ; i1686          ;
; Classic Timing Analyzer ; FL-ELN-ELD-05    ; Windows Vista ; 6.1        ; i1686          ;
+-------------------------+------------------+---------------+------------+----------------+


------------
; Flow Log ;
------------
quartus_map --read_settings_files=on --write_settings_files=off circuito1 -c circuito1
quartus_fit --read_settings_files=off --write_settings_files=off circuito1 -c circuito1
quartus_asm --read_settings_files=off --write_settings_files=off circuito1 -c circuito1
quartus_tan --read_settings_files=off --write_settings_files=off circuito1 -c circuito1 --timing_analysis_only



