Fitter report for circuito1
Fri Sep 26 17:19:44 2014
Quartus II Version 9.1 Build 350 03/24/2010 Service Pack 2 SJ Web Edition


---------------------
; Table of Contents ;
---------------------
  1. Legal Notice
  2. Fitter Summary
  3. Fitter Settings
  4. Parallel Compilation
  5. Ignored Assignments
  6. Incremental Compilation Preservation Summary
  7. Incremental Compilation Partition Settings
  8. Incremental Compilation Placement Preservation
  9. Pin-Out File
 10. Fitter Resource Usage Summary
 11. Input Pins
 12. Output Pins
 13. I/O Bank Usage
 14. All Package Pins
 15. Output Pin Default Load For Reported TCO
 16. Fitter Resource Utilization by Entity
 17. Delay Chain Summary
 18. Pad To Core Delay Chain Fanout
 19. Control Signals
 20. Global & Other Fast Signals
 21. Non-Global High Fan-Out Signals
 22. Interconnect Usage Summary
 23. LAB Logic Elements
 24. LAB-wide Signals
 25. LAB Signals Sourced
 26. LAB Signals Sourced Out
 27. LAB Distinct Inputs
 28. Fitter Device Options
 29. Estimated Delay Added for Hold Timing
 30. Fitter Messages



----------------
; Legal Notice ;
----------------
Copyright (C) 1991-2010 Altera Corporation
Your use of Altera Corporation's design tools, logic functions 
and other software and tools, and its AMPP partner logic 
functions, and any output files from any of the foregoing 
(including device programming or simulation files), and any 
associated documentation or information are expressly subject 
to the terms and conditions of the Altera Program License 
Subscription Agreement, Altera MegaCore Function License 
Agreement, or other applicable license agreement, including, 
without limitation, that your use is for the sole purpose of 
programming logic devices manufactured by Altera and sold by 
Altera or its authorized distributors.  Please refer to the 
applicable agreement for further details.



+----------------------------------------------------------------------+
; Fitter Summary                                                       ;
+-----------------------+----------------------------------------------+
; Fitter Status         ; Successful - Fri Sep 26 17:19:44 2014        ;
; Quartus II Version    ; 9.1 Build 350 03/24/2010 SP 2 SJ Web Edition ;
; Revision Name         ; circuito1                                    ;
; Top-level Entity Name ; circuito1                                    ;
; Family                ; Cyclone                                      ;
; Device                ; EP1C3T100C8                                  ;
; Timing Models         ; Final                                        ;
; Total logic elements  ; 103 / 2,910 ( 4 % )                          ;
; Total pins            ; 13 / 65 ( 20 % )                             ;
; Total virtual pins    ; 0                                            ;
; Total memory bits     ; 0 / 59,904 ( 0 % )                           ;
; Total PLLs            ; 0 / 1 ( 0 % )                                ;
+-----------------------+----------------------------------------------+


+----------------------------------------------------------------------------------------------------------------------------------------------+
; Fitter Settings                                                                                                                              ;
+----------------------------------------------------------------------------+--------------------------------+--------------------------------+
; Option                                                                     ; Setting                        ; Default Value                  ;
+----------------------------------------------------------------------------+--------------------------------+--------------------------------+
; Device                                                                     ; EP1C3T100C8                    ;                                ;
; Fit Attempts to Skip                                                       ; 0                              ; 0.0                            ;
; Device I/O Standard                                                        ; 3.3-V LVTTL                    ;                                ;
; Use smart compilation                                                      ; Off                            ; Off                            ;
; Enable parallel Assembler and TimeQuest Timing Analyzer during compilation ; On                             ; On                             ;
; Enable compact report table                                                ; Off                            ; Off                            ;
; Use TimeQuest Timing Analyzer                                              ; Off                            ; Off                            ;
; Router Timing Optimization Level                                           ; Normal                         ; Normal                         ;
; Placement Effort Multiplier                                                ; 1.0                            ; 1.0                            ;
; Router Effort Multiplier                                                   ; 1.0                            ; 1.0                            ;
; Optimize Hold Timing                                                       ; IO Paths and Minimum TPD Paths ; IO Paths and Minimum TPD Paths ;
; Optimize Multi-Corner Timing                                               ; Off                            ; Off                            ;
; Optimize Timing                                                            ; Normal compilation             ; Normal compilation             ;
; Optimize Timing for ECOs                                                   ; Off                            ; Off                            ;
; Regenerate full fit report during ECO compiles                             ; Off                            ; Off                            ;
; Optimize IOC Register Placement for Timing                                 ; On                             ; On                             ;
; Limit to One Fitting Attempt                                               ; Off                            ; Off                            ;
; Final Placement Optimizations                                              ; Automatically                  ; Automatically                  ;
; Fitter Aggressive Routability Optimizations                                ; Automatically                  ; Automatically                  ;
; Fitter Initial Placement Seed                                              ; 1                              ; 1                              ;
; Slow Slew Rate                                                             ; Off                            ; Off                            ;
; PCI I/O                                                                    ; Off                            ; Off                            ;
; Weak Pull-Up Resistor                                                      ; Off                            ; Off                            ;
; Enable Bus-Hold Circuitry                                                  ; Off                            ; Off                            ;
; Auto Global Memory Control Signals                                         ; Off                            ; Off                            ;
; Auto Packed Registers                                                      ; Auto                           ; Auto                           ;
; Auto Delay Chains                                                          ; On                             ; On                             ;
; Auto Merge PLLs                                                            ; On                             ; On                             ;
; Perform Physical Synthesis for Combinational Logic for Performance         ; Off                            ; Off                            ;
; Perform Register Duplication for Performance                               ; Off                            ; Off                            ;
; Perform Register Retiming for Performance                                  ; Off                            ; Off                            ;
; Perform Asynchronous Signal Pipelining                                     ; Off                            ; Off                            ;
; Fitter Effort                                                              ; Auto Fit                       ; Auto Fit                       ;
; Physical Synthesis Effort Level                                            ; Normal                         ; Normal                         ;
; Logic Cell Insertion - Logic Duplication                                   ; Auto                           ; Auto                           ;
; Auto Register Duplication                                                  ; Auto                           ; Auto                           ;
; Auto Global Clock                                                          ; On                             ; On                             ;
; Auto Global Register Control Signals                                       ; On                             ; On                             ;
; Stop After Congestion Map Generation                                       ; Off                            ; Off                            ;
; Save Intermediate Fitting Results                                          ; Off                            ; Off                            ;
; Force Fitter to Avoid Periphery Placement Warnings                         ; Off                            ; Off                            ;
; Use Best Effort Settings for Compilation                                   ; Off                            ; Off                            ;
+----------------------------------------------------------------------------+--------------------------------+--------------------------------+


Parallel compilation was disabled, but you have multiple processors available. Enable parallel compilation to reduce compilation time.
+-------------------------------------+
; Parallel Compilation                ;
+----------------------------+--------+
; Processors                 ; Number ;
+----------------------------+--------+
; Number detected on machine ; 2      ;
; Maximum allowed            ; 1      ;
+----------------------------+--------+


+----------------------------------------------------------------------------------------+
; Ignored Assignments                                                                    ;
+----------+----------------+--------------+------------+---------------+----------------+
; Name     ; Ignored Entity ; Ignored From ; Ignored To ; Ignored Value ; Ignored Source ;
+----------+----------------+--------------+------------+---------------+----------------+
; Location ;                ;              ; SEGDP      ; PIN_91        ; QSF Assignment ;
+----------+----------------+--------------+------------+---------------+----------------+


+----------------------------------------------+
; Incremental Compilation Preservation Summary ;
+-------------------------+--------------------+
; Type                    ; Value              ;
+-------------------------+--------------------+
; Placement               ;                    ;
;     -- Requested        ; 0 / 118 ( 0.00 % ) ;
;     -- Achieved         ; 0 / 118 ( 0.00 % ) ;
;                         ;                    ;
; Routing (by Connection) ;                    ;
;     -- Requested        ; 0 / 0 ( 0.00 % )   ;
;     -- Achieved         ; 0 / 0 ( 0.00 % )   ;
+-------------------------+--------------------+


+--------------------------------------------------------------------------------------------------------------------------------------------------+
; Incremental Compilation Partition Settings                                                                                                       ;
+----------------+----------------+-------------------+-------------------------+------------------------+------------------------------+----------+
; Partition Name ; Partition Type ; Netlist Type Used ; Preservation Level Used ; Netlist Type Requested ; Preservation Level Requested ; Contents ;
+----------------+----------------+-------------------+-------------------------+------------------------+------------------------------+----------+
; Top            ; User-created   ; Source File       ; N/A                     ; Source File            ; N/A                          ;          ;
+----------------+----------------+-------------------+-------------------------+------------------------+------------------------------+----------+


+--------------------------------------------------------------------------------------------+
; Incremental Compilation Placement Preservation                                             ;
+----------------+---------+-------------------+-------------------------+-------------------+
; Partition Name ; # Nodes ; # Preserved Nodes ; Preservation Level Used ; Netlist Type Used ;
+----------------+---------+-------------------+-------------------------+-------------------+
; Top            ; 118     ; 0                 ; N/A                     ; Source File       ;
+----------------+---------+-------------------+-------------------------+-------------------+


+--------------+
; Pin-Out File ;
+--------------+
The pin-out file can be found in C:/Users/Aluno/Desktop/DIVISOR/circuito1.pin.


+-------------------------------------------------------------------+
; Fitter Resource Usage Summary                                     ;
+---------------------------------------------+---------------------+
; Resource                                    ; Usage               ;
+---------------------------------------------+---------------------+
; Total logic elements                        ; 103 / 2,910 ( 4 % ) ;
;     -- Combinational with no register       ; 42                  ;
;     -- Register only                        ; 0                   ;
;     -- Combinational with a register        ; 61                  ;
;                                             ;                     ;
; Logic element usage by number of LUT inputs ;                     ;
;     -- 4 input functions                    ; 31                  ;
;     -- 3 input functions                    ; 11                  ;
;     -- 2 input functions                    ; 53                  ;
;     -- 1 input functions                    ; 7                   ;
;     -- 0 input functions                    ; 1                   ;
;                                             ;                     ;
; Logic elements by mode                      ;                     ;
;     -- normal mode                          ; 53                  ;
;     -- arithmetic mode                      ; 50                  ;
;     -- qfbk mode                            ; 0                   ;
;     -- register cascade mode                ; 0                   ;
;     -- synchronous clear/load mode          ; 50                  ;
;     -- asynchronous clear/load mode         ; 8                   ;
;                                             ;                     ;
; Total registers                             ; 61 / 3,099 ( 2 % )  ;
; Total LABs                                  ; 16 / 291 ( 5 % )    ;
; Logic elements in carry chains              ; 52                  ;
; User inserted logic elements                ; 0                   ;
; Virtual pins                                ; 0                   ;
; I/O pins                                    ; 13 / 65 ( 20 % )    ;
;     -- Clock pins                           ; 1 / 2 ( 50 % )      ;
; Global signals                              ; 5                   ;
; M4Ks                                        ; 0 / 13 ( 0 % )      ;
; Total memory bits                           ; 0 / 59,904 ( 0 % )  ;
; Total RAM block bits                        ; 0 / 59,904 ( 0 % )  ;
; PLLs                                        ; 0 / 1 ( 0 % )       ;
; Global clocks                               ; 5 / 8 ( 63 % )      ;
; JTAGs                                       ; 0 / 1 ( 0 % )       ;
; ASMI Blocks                                 ; 0 / 1 ( 0 % )       ;
; CRC blocks                                  ; 0 / 1 ( 0 % )       ;
; Average interconnect usage (total/H/V)      ; 1% / 1% / 1%        ;
; Peak interconnect usage (total/H/V)         ; 1% / 1% / 1%        ;
; Maximum fan-out node                        ; ~GND                ;
; Maximum fan-out                             ; 50                  ;
; Highest non-global fan-out signal           ; ~GND                ;
; Highest non-global fan-out                  ; 50                  ;
; Total fan-out                               ; 481                 ;
; Average fan-out                             ; 4.08                ;
+---------------------------------------------+---------------------+


+-------------------------------------------------------------------------------------------------------------------------------------------------------------------------------------------------------------------------------------------------------------+
; Input Pins                                                                                                                                                                                                                                                  ;
+-------+-------+----------+--------------+--------------+-------------+-----------------------+--------------------+--------+----------------+---------------+-----------------+----------+--------------+--------------+-------------+----------------------+
; Name  ; Pin # ; I/O Bank ; X coordinate ; Y coordinate ; Cell number ; Combinational Fan-Out ; Registered Fan-Out ; Global ; Input Register ; Power Up High ; PCI I/O Enabled ; Bus Hold ; Weak Pull Up ; I/O Standard ; Termination ; Location assigned by ;
+-------+-------+----------+--------------+--------------+-------------+-----------------------+--------------------+--------+----------------+---------------+-----------------+----------+--------------+--------------+-------------+----------------------+
; CLOCK ; 10    ; 1        ; 0            ; 8            ; 2           ; 50                    ; 0                  ; yes    ; no             ; no            ; no              ; no       ; Off          ; 3.3-V LVTTL  ; Off         ; User                 ;
; KEY0  ; 41    ; 4        ; 20           ; 0            ; 1           ; 4                     ; 0                  ; yes    ; no             ; no            ; no              ; no       ; Off          ; 3.3-V LVTTL  ; Off         ; User                 ;
; KEY1  ; 36    ; 4        ; 10           ; 0            ; 0           ; 4                     ; 0                  ; yes    ; no             ; no            ; no              ; no       ; Off          ; 3.3-V LVTTL  ; Off         ; User                 ;
+-------+-------+----------+--------------+--------------+-------------+-----------------------+--------------------+--------+----------------+---------------+-----------------+----------+--------------+--------------+-------------+----------------------+


+----------------------------------------------------------------------------------------------------------------------------------------------------------------------------------------------------------------------------------------------------------------------------------------------------------------------------------------------------------+
; Output Pins                                                                                                                                                                                                                                                                                                                                              ;
+----------+-------+----------+--------------+--------------+-------------+-----------------+------------------------+---------------+----------------+-----------------+------------+---------------+----------+--------------+--------------+------------------+-------------+----------------------+-------+----------------------+---------------------+
; Name     ; Pin # ; I/O Bank ; X coordinate ; Y coordinate ; Cell number ; Output Register ; Output Enable Register ; Power Up High ; Slow Slew Rate ; PCI I/O Enabled ; Open Drain ; TRI Primitive ; Bus Hold ; Weak Pull Up ; I/O Standard ; Current Strength ; Termination ; Location assigned by ; Load  ; Output Enable Source ; Output Enable Group ;
+----------+-------+----------+--------------+--------------+-------------+-----------------+------------------------+---------------+----------------+-----------------+------------+---------------+----------+--------------+--------------+------------------+-------------+----------------------+-------+----------------------+---------------------+
; PNP1     ; 72    ; 3        ; 27           ; 10           ; 0           ; no              ; no                     ; no            ; no             ; no              ; no         ; no            ; no       ; Off          ; 3.3-V LVTTL  ; 24mA             ; Off         ; User                 ; 10 pF ; -                    ; -                   ;
; PNP2     ; 75    ; 3        ; 27           ; 13           ; 0           ; no              ; no                     ; no            ; no             ; no              ; no         ; no            ; no       ; Off          ; 3.3-V LVTTL  ; 24mA             ; Off         ; User                 ; 10 pF ; -                    ; -                   ;
; SEGA     ; 71    ; 3        ; 27           ; 10           ; 1           ; no              ; no                     ; no            ; no             ; no              ; no         ; no            ; no       ; Off          ; 3.3-V LVTTL  ; 24mA             ; Off         ; User                 ; 10 pF ; -                    ; -                   ;
; SEGB     ; 68    ; 3        ; 27           ; 8            ; 0           ; no              ; no                     ; no            ; no             ; no              ; no         ; no            ; no       ; Off          ; 3.3-V LVTTL  ; 24mA             ; Off         ; User                 ; 10 pF ; -                    ; -                   ;
; SEGC     ; 92    ; 2        ; 8            ; 14           ; 2           ; no              ; no                     ; no            ; no             ; no              ; no         ; no            ; no       ; Off          ; 3.3-V LVTTL  ; 24mA             ; Off         ; User                 ; 10 pF ; -                    ; -                   ;
; SEGD     ; 90    ; 2        ; 10           ; 14           ; 0           ; no              ; no                     ; no            ; no             ; no              ; no         ; no            ; no       ; Off          ; 3.3-V LVTTL  ; 24mA             ; Off         ; User                 ; 10 pF ; -                    ; -                   ;
; SEGE     ; 89    ; 2        ; 12           ; 14           ; 2           ; no              ; no                     ; no            ; no             ; no              ; no         ; no            ; no       ; Off          ; 3.3-V LVTTL  ; 24mA             ; Off         ; User                 ; 10 pF ; -                    ; -                   ;
; SEGF     ; 70    ; 3        ; 27           ; 9            ; 0           ; no              ; no                     ; no            ; no             ; no              ; no         ; no            ; no       ; Off          ; 3.3-V LVTTL  ; 24mA             ; Off         ; User                 ; 10 pF ; -                    ; -                   ;
; SEGG     ; 69    ; 3        ; 27           ; 9            ; 1           ; no              ; no                     ; no            ; no             ; no              ; no         ; no            ; no       ; Off          ; 3.3-V LVTTL  ; 24mA             ; Off         ; User                 ; 10 pF ; -                    ; -                   ;
; pin_name ; 38    ; 4        ; 16           ; 0            ; 1           ; no              ; no                     ; no            ; no             ; no              ; no         ; no            ; no       ; Off          ; 3.3-V LVTTL  ; 24mA             ; Off         ; Fitter               ; 10 pF ; -                    ; -                   ;
+----------+-------+----------+--------------+--------------+-------------+-----------------+------------------------+---------------+----------------+-----------------+------------+---------------+----------+--------------+--------------+------------------+-------------+----------------------+-------+----------------------+---------------------+


+-----------------------------------------------------------+
; I/O Bank Usage                                            ;
+----------+-----------------+---------------+--------------+
; I/O Bank ; Usage           ; VCCIO Voltage ; VREF Voltage ;
+----------+-----------------+---------------+--------------+
; 1        ; 3 / 14 ( 21 % ) ; 3.3V          ; --           ;
; 2        ; 3 / 17 ( 18 % ) ; 3.3V          ; --           ;
; 3        ; 6 / 17 ( 35 % ) ; 3.3V          ; --           ;
; 4        ; 3 / 17 ( 18 % ) ; 3.3V          ; --           ;
+----------+-----------------+---------------+--------------+


+------------------------------------------------------------------------------------------------------------------------------------------------------------------------+
; All Package Pins                                                                                                                                                       ;
+----------+------------+----------+------------------------------------------+--------+--------------+---------+------------+-----------------+----------+--------------+
; Location ; Pad Number ; I/O Bank ; Pin Name/Usage                           ; Dir.   ; I/O Standard ; Voltage ; I/O Type   ; User Assignment ; Bus Hold ; Weak Pull Up ;
+----------+------------+----------+------------------------------------------+--------+--------------+---------+------------+-----------------+----------+--------------+
; 1        ; 0          ; 1        ; RESERVED_INPUT                           ;        ;              ;         ; Row I/O    ;                 ; no       ; Off          ;
; 2        ; 1          ; 1        ; RESERVED_INPUT                           ;        ;              ;         ; Row I/O    ;                 ; no       ; Off          ;
; 3        ; 2          ; 1        ; RESERVED_INPUT                           ;        ;              ;         ; Row I/O    ;                 ; no       ; Off          ;
; 4        ; 4          ; 1        ; RESERVED_INPUT                           ;        ;              ;         ; Row I/O    ;                 ; no       ; Off          ;
; 5        ; 8          ; 1        ; RESERVED_INPUT                           ;        ;              ;         ; Row I/O    ;                 ; no       ; Off          ;
; 6        ; 9          ; 1        ; ~nCSO~ / RESERVED_INPUT_WITH_WEAK_PULLUP ; input  ; 3.3-V LVTTL  ;         ; Row I/O    ; N               ; no       ; On           ;
; 7        ; 10         ; 1        ; ^DATA0                                   ; input  ;              ;         ; --         ;                 ; --       ; --           ;
; 8        ; 11         ; 1        ; ^nCONFIG                                 ;        ;              ;         ; --         ;                 ; --       ; --           ;
; 9        ;            ;          ; VCCA_PLL1                                ; power  ;              ; 1.5V    ; --         ;                 ; --       ; --           ;
; 10       ; 12         ; 1        ; CLOCK                                    ; input  ; 3.3-V LVTTL  ;         ; Row I/O    ; Y               ; no       ; Off          ;
; 11       ;            ;          ; GNDA_PLL1                                ; gnd    ;              ;         ; --         ;                 ; --       ; --           ;
; 12       ; 14         ; 1        ; ^nCEO                                    ;        ;              ;         ; --         ;                 ; --       ; --           ;
; 13       ; 15         ; 1        ; ^nCE                                     ;        ;              ;         ; --         ;                 ; --       ; --           ;
; 14       ; 16         ; 1        ; ^MSEL0                                   ;        ;              ;         ; --         ;                 ; --       ; --           ;
; 15       ; 17         ; 1        ; ^MSEL1                                   ;        ;              ;         ; --         ;                 ; --       ; --           ;
; 16       ; 18         ; 1        ; ^DCLK                                    ; bidir  ;              ;         ; --         ;                 ; --       ; --           ;
; 17       ; 19         ; 1        ; ~ASDO~ / RESERVED_INPUT_WITH_WEAK_PULLUP ; input  ; 3.3-V LVTTL  ;         ; Row I/O    ; N               ; no       ; On           ;
; 18       ;            ; 1        ; VCCIO1                                   ; power  ;              ; 3.3V    ; --         ;                 ; --       ; --           ;
; 19       ;            ;          ; GND                                      ; gnd    ;              ;         ; --         ;                 ; --       ; --           ;
; 20       ; 23         ; 1        ; RESERVED_INPUT                           ;        ;              ;         ; Row I/O    ;                 ; no       ; Off          ;
; 21       ; 24         ; 1        ; RESERVED_INPUT                           ;        ;              ;         ; Row I/O    ;                 ; no       ; Off          ;
; 22       ; 25         ; 1        ; RESERVED_INPUT                           ;        ;              ;         ; Row I/O    ;                 ; no       ; Off          ;
; 23       ; 26         ; 1        ; RESERVED_INPUT                           ;        ;              ;         ; Row I/O    ;                 ; no       ; Off          ;
; 24       ; 27         ; 1        ; RESERVED_INPUT                           ;        ;              ;         ; Row I/O    ;                 ; no       ; Off          ;
; 25       ; 28         ; 1        ; RESERVED_INPUT                           ;        ;              ;         ; Row I/O    ;                 ; no       ; Off          ;
; 26       ; 29         ; 4        ; RESERVED_INPUT                           ;        ;              ;         ; Column I/O ;                 ; no       ; Off          ;
; 27       ; 30         ; 4        ; RESERVED_INPUT                           ;        ;              ;         ; Column I/O ;                 ; no       ; Off          ;
; 28       ; 33         ; 4        ; RESERVED_INPUT                           ;        ;              ;         ; Column I/O ;                 ; no       ; Off          ;
; 29       ; 34         ; 4        ; RESERVED_INPUT                           ;        ;              ;         ; Column I/O ;                 ; no       ; Off          ;
; 30       ;            ;          ; GND                                      ; gnd    ;              ;         ; --         ;                 ; --       ; --           ;
; 31       ;            ; 4        ; VCCIO4                                   ; power  ;              ; 3.3V    ; --         ;                 ; --       ; --           ;
; 32       ;            ;          ; GND                                      ; gnd    ;              ;         ; --         ;                 ; --       ; --           ;
; 33       ;            ;          ; VCCINT                                   ; power  ;              ; 1.5V    ; --         ;                 ; --       ; --           ;
; 34       ; 35         ; 4        ; RESERVED_INPUT                           ;        ;              ;         ; Column I/O ;                 ; no       ; Off          ;
; 35       ; 36         ; 4        ; RESERVED_INPUT                           ;        ;              ;         ; Column I/O ;                 ; no       ; Off          ;
; 36       ; 39         ; 4        ; KEY1                                     ; input  ; 3.3-V LVTTL  ;         ; Column I/O ; Y               ; no       ; Off          ;
; 37       ; 40         ; 4        ; RESERVED_INPUT                           ;        ;              ;         ; Column I/O ;                 ; no       ; Off          ;
; 38       ; 44         ; 4        ; pin_name                                 ; output ; 3.3-V LVTTL  ;         ; Column I/O ; N               ; no       ; Off          ;
; 39       ; 45         ; 4        ; RESERVED_INPUT                           ;        ;              ;         ; Column I/O ;                 ; no       ; Off          ;
; 40       ; 46         ; 4        ; RESERVED_INPUT                           ;        ;              ;         ; Column I/O ;                 ; no       ; Off          ;
; 41       ; 49         ; 4        ; KEY0                                     ; input  ; 3.3-V LVTTL  ;         ; Column I/O ; Y               ; no       ; Off          ;
; 42       ; 50         ; 4        ; RESERVED_INPUT                           ;        ;              ;         ; Column I/O ;                 ; no       ; Off          ;
; 43       ;            ;          ; GND                                      ; gnd    ;              ;         ; --         ;                 ; --       ; --           ;
; 44       ;            ;          ; VCCINT                                   ; power  ;              ; 1.5V    ; --         ;                 ; --       ; --           ;
; 45       ;            ;          ; GND                                      ; gnd    ;              ;         ; --         ;                 ; --       ; --           ;
; 46       ;            ; 4        ; VCCIO4                                   ; power  ;              ; 3.3V    ; --         ;                 ; --       ; --           ;
; 47       ; 51         ; 4        ; RESERVED_INPUT                           ;        ;              ;         ; Column I/O ;                 ; no       ; Off          ;
; 48       ; 52         ; 4        ; RESERVED_INPUT                           ;        ;              ;         ; Column I/O ;                 ; no       ; Off          ;
; 49       ; 55         ; 4        ; RESERVED_INPUT                           ;        ;              ;         ; Column I/O ;                 ; no       ; Off          ;
; 50       ; 56         ; 4        ; RESERVED_INPUT                           ;        ;              ;         ; Column I/O ;                 ; no       ; Off          ;
; 51       ; 57         ; 3        ; RESERVED_INPUT                           ;        ;              ;         ; Row I/O    ;                 ; no       ; Off          ;
; 52       ; 58         ; 3        ; RESERVED_INPUT                           ;        ;              ;         ; Row I/O    ;                 ; no       ; Off          ;
; 53       ; 59         ; 3        ; RESERVED_INPUT                           ;        ;              ;         ; Row I/O    ;                 ; no       ; Off          ;
; 54       ; 60         ; 3        ; RESERVED_INPUT                           ;        ;              ;         ; Row I/O    ;                 ; no       ; Off          ;
; 55       ; 61         ; 3        ; RESERVED_INPUT                           ;        ;              ;         ; Row I/O    ;                 ; no       ; Off          ;
; 56       ; 62         ; 3        ; RESERVED_INPUT                           ;        ;              ;         ; Row I/O    ;                 ; no       ; Off          ;
; 57       ; 63         ; 3        ; RESERVED_INPUT                           ;        ;              ;         ; Row I/O    ;                 ; no       ; Off          ;
; 58       ;            ;          ; GND                                      ; gnd    ;              ;         ; --         ;                 ; --       ; --           ;
; 59       ;            ; 3        ; VCCIO3                                   ; power  ;              ; 3.3V    ; --         ;                 ; --       ; --           ;
; 60       ; 68         ; 3        ; ^CONF_DONE                               ;        ;              ;         ; --         ;                 ; --       ; --           ;
; 61       ; 69         ; 3        ; ^nSTATUS                                 ;        ;              ;         ; --         ;                 ; --       ; --           ;
; 62       ; 70         ; 3        ; #TCK                                     ; input  ;              ;         ; --         ;                 ; --       ; --           ;
; 63       ; 71         ; 3        ; #TMS                                     ; input  ;              ;         ; --         ;                 ; --       ; --           ;
; 64       ; 72         ; 3        ; #TDO                                     ; output ;              ;         ; --         ;                 ; --       ; --           ;
; 65       ; 73         ; 3        ; RESERVED_INPUT                           ;        ;              ;         ; Row I/O    ;                 ; no       ; Off          ;
; 66       ; 75         ; 3        ; GND+                                     ;        ;              ;         ; Row I/O    ;                 ; --       ; --           ;
; 67       ; 77         ; 3        ; #TDI                                     ; input  ;              ;         ; --         ;                 ; --       ; --           ;
; 68       ; 78         ; 3        ; SEGB                                     ; output ; 3.3-V LVTTL  ;         ; Row I/O    ; Y               ; no       ; Off          ;
; 69       ; 79         ; 3        ; SEGG                                     ; output ; 3.3-V LVTTL  ;         ; Row I/O    ; Y               ; no       ; Off          ;
; 70       ; 80         ; 3        ; SEGF                                     ; output ; 3.3-V LVTTL  ;         ; Row I/O    ; Y               ; no       ; Off          ;
; 71       ; 81         ; 3        ; SEGA                                     ; output ; 3.3-V LVTTL  ;         ; Row I/O    ; Y               ; no       ; Off          ;
; 72       ; 82         ; 3        ; PNP1                                     ; output ; 3.3-V LVTTL  ;         ; Row I/O    ; Y               ; no       ; Off          ;
; 73       ; 84         ; 3        ; RESERVED_INPUT                           ;        ;              ;         ; Row I/O    ;                 ; no       ; Off          ;
; 74       ; 87         ; 3        ; RESERVED_INPUT                           ;        ;              ;         ; Row I/O    ;                 ; no       ; Off          ;
; 75       ; 88         ; 3        ; PNP2                                     ; output ; 3.3-V LVTTL  ;         ; Row I/O    ; Y               ; no       ; Off          ;
; 76       ; 89         ; 2        ; RESERVED_INPUT                           ;        ;              ;         ; Column I/O ;                 ; no       ; Off          ;
; 77       ; 90         ; 2        ; RESERVED_INPUT                           ;        ;              ;         ; Column I/O ;                 ; no       ; Off          ;
; 78       ; 93         ; 2        ; RESERVED_INPUT                           ;        ;              ;         ; Column I/O ;                 ; no       ; Off          ;
; 79       ; 94         ; 2        ; RESERVED_INPUT                           ;        ;              ;         ; Column I/O ;                 ; no       ; Off          ;
; 80       ;            ; 2        ; VCCIO2                                   ; power  ;              ; 3.3V    ; --         ;                 ; --       ; --           ;
; 81       ;            ;          ; GND                                      ; gnd    ;              ;         ; --         ;                 ; --       ; --           ;
; 82       ;            ;          ; VCCINT                                   ; power  ;              ; 1.5V    ; --         ;                 ; --       ; --           ;
; 83       ;            ;          ; GND                                      ; gnd    ;              ;         ; --         ;                 ; --       ; --           ;
; 84       ; 95         ; 2        ; RESERVED_INPUT                           ;        ;              ;         ; Column I/O ;                 ; no       ; Off          ;
; 85       ; 96         ; 2        ; RESERVED_INPUT                           ;        ;              ;         ; Column I/O ;                 ; no       ; Off          ;
; 86       ; 99         ; 2        ; RESERVED_INPUT                           ;        ;              ;         ; Column I/O ;                 ; no       ; Off          ;
; 87       ; 100        ; 2        ; RESERVED_INPUT                           ;        ;              ;         ; Column I/O ;                 ; no       ; Off          ;
; 88       ; 101        ; 2        ; RESERVED_INPUT                           ;        ;              ;         ; Column I/O ;                 ; no       ; Off          ;
; 89       ; 105        ; 2        ; SEGE                                     ; output ; 3.3-V LVTTL  ;         ; Column I/O ; Y               ; no       ; Off          ;
; 90       ; 106        ; 2        ; SEGD                                     ; output ; 3.3-V LVTTL  ;         ; Column I/O ; Y               ; no       ; Off          ;
; 91       ; 109        ; 2        ; RESERVED_INPUT                           ;        ;              ;         ; Column I/O ;                 ; no       ; Off          ;
; 92       ; 110        ; 2        ; SEGC                                     ; output ; 3.3-V LVTTL  ;         ; Column I/O ; Y               ; no       ; Off          ;
; 93       ;            ;          ; VCCINT                                   ; power  ;              ; 1.5V    ; --         ;                 ; --       ; --           ;
; 94       ;            ;          ; GND                                      ; gnd    ;              ;         ; --         ;                 ; --       ; --           ;
; 95       ;            ; 2        ; VCCIO2                                   ; power  ;              ; 3.3V    ; --         ;                 ; --       ; --           ;
; 96       ;            ;          ; GND                                      ; gnd    ;              ;         ; --         ;                 ; --       ; --           ;
; 97       ; 111        ; 2        ; RESERVED_INPUT                           ;        ;              ;         ; Column I/O ;                 ; no       ; Off          ;
; 98       ; 112        ; 2        ; RESERVED_INPUT                           ;        ;              ;         ; Column I/O ;                 ; no       ; Off          ;
; 99       ; 115        ; 2        ; RESERVED_INPUT                           ;        ;              ;         ; Column I/O ;                 ; no       ; Off          ;
; 100      ; 116        ; 2        ; RESERVED_INPUT                           ;        ;              ;         ; Column I/O ;                 ; no       ; Off          ;
+----------+------------+----------+------------------------------------------+--------+--------------+---------+------------+-----------------+----------+--------------+
Note: Pin directions (input, output or bidir) are based on device operating in user mode.


+------------------------------------------------------------------+
; Output Pin Default Load For Reported TCO                         ;
+---------------------+-------+------------------------------------+
; I/O Standard        ; Load  ; Termination Resistance             ;
+---------------------+-------+------------------------------------+
; 3.3-V LVTTL         ; 10 pF ; Not Available                      ;
; 3.3-V LVCMOS        ; 10 pF ; Not Available                      ;
; 2.5 V               ; 10 pF ; Not Available                      ;
; 1.8 V               ; 10 pF ; Not Available                      ;
; 1.5 V               ; 10 pF ; Not Available                      ;
; SSTL-3 Class I      ; 30 pF ; 50 Ohm (Parallel), 25 Ohm (Serial) ;
; SSTL-3 Class II     ; 30 pF ; 25 Ohm (Parallel), 25 Ohm (Serial) ;
; SSTL-2 Class I      ; 30 pF ; 50 Ohm (Parallel), 25 Ohm (Serial) ;
; SSTL-2 Class II     ; 30 pF ; 25 Ohm (Parallel), 25 Ohm (Serial) ;
; Differential SSTL-2 ; 10 pF ; (See SSTL-2)                       ;
; LVDS                ; 4 pF  ; 100 Ohm (Differential)             ;
; RSDS                ; 10 pF ; 100 Ohm (Differential)             ;
+---------------------+-------+------------------------------------+
Note: User assignments will override these defaults. The user specified values are listed in the Output Pins and Bidir Pins tables.


+-------------------------------------------------------------------------------------------------------------------------------------------------------------------------------------------------------------------------------------------------------------------------------------------------------------------------------+
; Fitter Resource Utilization by Entity                                                                                                                                                                                                                                                                                         ;
+-------------------------------------------+-------------+--------------+-------------+------+------+--------------+--------------+-------------------+------------------+-----------------+------------+-------------------------------------------------------------------------------------------------------+--------------+
; Compilation Hierarchy Node                ; Logic Cells ; LC Registers ; Memory Bits ; M4Ks ; Pins ; Virtual Pins ; LUT-Only LCs ; Register-Only LCs ; LUT/Register LCs ; Carry Chain LCs ; Packed LCs ; Full Hierarchy Name                                                                                   ; Library Name ;
+-------------------------------------------+-------------+--------------+-------------+------+------+--------------+--------------+-------------------+------------------+-----------------+------------+-------------------------------------------------------------------------------------------------------+--------------+
; |circuito1                                ; 103 (3)     ; 61           ; 0           ; 0    ; 13   ; 0            ; 42 (1)       ; 0 (0)             ; 61 (2)           ; 52 (0)          ; 0 (0)      ; |circuito1                                                                                            ; work         ;
;    |74190:inst2|                          ; 4 (4)       ; 4            ; 0           ; 0    ; 0    ; 0            ; 0 (0)        ; 0 (0)             ; 4 (4)            ; 0 (0)           ; 0 (0)      ; |circuito1|74190:inst2                                                                                ; work         ;
;    |74190:inst6|                          ; 5 (5)       ; 4            ; 0           ; 0    ; 0    ; 0            ; 1 (1)        ; 0 (0)             ; 4 (4)            ; 0 (0)           ; 0 (0)      ; |circuito1|74190:inst6                                                                                ;              ;
;    |74373:inst4|                          ; 10 (10)     ; 0            ; 0           ; 0    ; 0    ; 0            ; 10 (10)      ; 0 (0)             ; 0 (0)            ; 0 (0)           ; 0 (0)      ; |circuito1|74373:inst4                                                                                ;              ;
;    |74373:inst8|                          ; 10 (10)     ; 0            ; 0           ; 0    ; 0    ; 0            ; 10 (10)      ; 0 (0)             ; 0 (0)            ; 0 (0)           ; 0 (0)      ; |circuito1|74373:inst8                                                                                ;              ;
;    |7447:inst3|                           ; 1 (1)       ; 0            ; 0           ; 0    ; 0    ; 0            ; 1 (1)        ; 0 (0)             ; 0 (0)            ; 0 (0)           ; 0 (0)      ; |circuito1|7447:inst3                                                                                 ;              ;
;    |7476:inst5|                           ; 1 (1)       ; 1            ; 0           ; 0    ; 0    ; 0            ; 0 (0)        ; 0 (0)             ; 1 (1)            ; 0 (0)           ; 0 (0)      ; |circuito1|7476:inst5                                                                                 ;              ;
;    |divisor120:inst24|                    ; 28 (0)      ; 20           ; 0           ; 0    ; 0    ; 0            ; 8 (0)        ; 0 (0)             ; 20 (0)           ; 21 (0)          ; 0 (0)      ; |circuito1|divisor120:inst24                                                                          ;              ;
;       |lpm_counter:lpm_counter_component| ; 28 (0)      ; 20           ; 0           ; 0    ; 0    ; 0            ; 8 (0)        ; 0 (0)             ; 20 (0)           ; 21 (0)          ; 0 (0)      ; |circuito1|divisor120:inst24|lpm_counter:lpm_counter_component                                        ;              ;
;          |cntr_gfj:auto_generated|        ; 28 (21)     ; 20           ; 0           ; 0    ; 0    ; 0            ; 8 (1)        ; 0 (0)             ; 20 (20)          ; 21 (21)         ; 0 (0)      ; |circuito1|divisor120:inst24|lpm_counter:lpm_counter_component|cntr_gfj:auto_generated                ;              ;
;             |cmpr_46c:cmpr1|              ; 7 (7)       ; 0            ; 0           ; 0    ; 0    ; 0            ; 7 (7)        ; 0 (0)             ; 0 (0)            ; 0 (0)           ; 0 (0)      ; |circuito1|divisor120:inst24|lpm_counter:lpm_counter_component|cntr_gfj:auto_generated|cmpr_46c:cmpr1 ;              ;
;    |divisor:inst|                         ; 41 (0)      ; 30           ; 0           ; 0    ; 0    ; 0            ; 11 (0)       ; 0 (0)             ; 30 (0)           ; 31 (0)          ; 0 (0)      ; |circuito1|divisor:inst                                                                               ;              ;
;       |lpm_counter:lpm_counter_component| ; 41 (0)      ; 30           ; 0           ; 0    ; 0    ; 0            ; 11 (0)       ; 0 (0)             ; 30 (0)           ; 31 (0)          ; 0 (0)      ; |circuito1|divisor:inst|lpm_counter:lpm_counter_component                                             ;              ;
;          |cntr_5ij:auto_generated|        ; 41 (31)     ; 30           ; 0           ; 0    ; 0    ; 0            ; 11 (1)       ; 0 (0)             ; 30 (30)          ; 31 (31)         ; 0 (0)      ; |circuito1|divisor:inst|lpm_counter:lpm_counter_component|cntr_5ij:auto_generated                     ;              ;
;             |cmpr_56c:cmpr1|              ; 10 (10)     ; 0            ; 0           ; 0    ; 0    ; 0            ; 10 (10)      ; 0 (0)             ; 0 (0)            ; 0 (0)           ; 0 (0)      ; |circuito1|divisor:inst|lpm_counter:lpm_counter_component|cntr_5ij:auto_generated|cmpr_56c:cmpr1      ;              ;
+-------------------------------------------+-------------+--------------+-------------+------+------+--------------+--------------+-------------------+------------------+-----------------+------------+-------------------------------------------------------------------------------------------------------+--------------+
Note: For table entries with two numbers listed, the numbers in parentheses indicate the number of resources of the given type used by the specific entity alone. The numbers listed outside of parentheses indicate the total resources of the given type used by the specific entity and all of its sub-entities in the hierarchy.


+-----------------------------------------------------------------------------------+
; Delay Chain Summary                                                               ;
+----------+----------+---------------+---------------+-----------------------+-----+
; Name     ; Pin Type ; Pad to Core 0 ; Pad to Core 1 ; Pad to Input Register ; TCO ;
+----------+----------+---------------+---------------+-----------------------+-----+
; pin_name ; Output   ; --            ; --            ; --                    ; --  ;
; PNP1     ; Output   ; --            ; --            ; --                    ; --  ;
; PNP2     ; Output   ; --            ; --            ; --                    ; --  ;
; SEGA     ; Output   ; --            ; --            ; --                    ; --  ;
; SEGB     ; Output   ; --            ; --            ; --                    ; --  ;
; SEGC     ; Output   ; --            ; --            ; --                    ; --  ;
; SEGD     ; Output   ; --            ; --            ; --                    ; --  ;
; SEGE     ; Output   ; --            ; --            ; --                    ; --  ;
; SEGF     ; Output   ; --            ; --            ; --                    ; --  ;
; SEGG     ; Output   ; --            ; --            ; --                    ; --  ;
; CLOCK    ; Input    ; OFF           ; OFF           ; --                    ; --  ;
; KEY1     ; Input    ; OFF           ; OFF           ; --                    ; --  ;
; KEY0     ; Input    ; OFF           ; OFF           ; --                    ; --  ;
+----------+----------+---------------+---------------+-----------------------+-----+


+-----------------------------------------------------+
; Pad To Core Delay Chain Fanout                      ;
+-----------------------+-------------------+---------+
; Source Pin / Fanout   ; Pad To Core Index ; Setting ;
+-----------------------+-------------------+---------+
; CLOCK                 ;                   ;         ;
; KEY1                  ;                   ;         ;
;      - 74190:inst6|51 ; 1                 ; OFF     ;
;      - 74190:inst6|48 ; 1                 ; OFF     ;
;      - 74190:inst6|49 ; 1                 ; OFF     ;
;      - 74190:inst6|50 ; 1                 ; OFF     ;
; KEY0                  ;                   ;         ;
;      - 74190:inst2|51 ; 1                 ; OFF     ;
;      - 74190:inst2|48 ; 1                 ; OFF     ;
;      - 74190:inst2|49 ; 1                 ; OFF     ;
;      - 74190:inst2|50 ; 1                 ; OFF     ;
+-----------------------+-------------------+---------+


+----------------------------------------------------------------------------------------------------------------------------------------------------------------------------------------------+
; Control Signals                                                                                                                                                                              ;
+---------------------------------------------------------------------------------------------+---------------+---------+-------------------+--------+----------------------+------------------+
; Name                                                                                        ; Location      ; Fan-Out ; Usage             ; Global ; Global Resource Used ; Global Line Name ;
+---------------------------------------------------------------------------------------------+---------------+---------+-------------------+--------+----------------------+------------------+
; 74190:inst6|58                                                                              ; LC_X25_Y11_N0 ; 4       ; Clock             ; yes    ; Global Clock         ; GCLK6            ;
; CLOCK                                                                                       ; PIN_10        ; 50      ; Clock             ; yes    ; Global Clock         ; GCLK2            ;
; KEY0                                                                                        ; PIN_41        ; 4       ; Async. clear      ; yes    ; Global Clock         ; GCLK7            ;
; KEY1                                                                                        ; PIN_36        ; 4       ; Async. clear      ; yes    ; Global Clock         ; GCLK3            ;
; divisor120:inst24|lpm_counter:lpm_counter_component|cntr_gfj:auto_generated|modulus_trigger ; LC_X10_Y11_N5 ; 21      ; Clock, Sync. load ; no     ; --                   ; --               ;
; divisor:inst|lpm_counter:lpm_counter_component|cntr_5ij:auto_generated|modulus_trigger      ; LC_X15_Y9_N5  ; 31      ; Clock, Sync. load ; no     ; --                   ; --               ;
; inst25                                                                                      ; LC_X15_Y12_N2 ; 6       ; Clock             ; yes    ; Global Clock         ; GCLK1            ;
; inst27                                                                                      ; LC_X10_Y13_N3 ; 2       ; Clock             ; no     ; --                   ; --               ;
+---------------------------------------------------------------------------------------------+---------------+---------+-------------------+--------+----------------------+------------------+


+------------------------------------------------------------------------------------+
; Global & Other Fast Signals                                                        ;
+----------------+---------------+---------+----------------------+------------------+
; Name           ; Location      ; Fan-Out ; Global Resource Used ; Global Line Name ;
+----------------+---------------+---------+----------------------+------------------+
; 74190:inst6|58 ; LC_X25_Y11_N0 ; 4       ; Global Clock         ; GCLK6            ;
; CLOCK          ; PIN_10        ; 50      ; Global Clock         ; GCLK2            ;
; KEY0           ; PIN_41        ; 4       ; Global Clock         ; GCLK7            ;
; KEY1           ; PIN_36        ; 4       ; Global Clock         ; GCLK3            ;
; inst25         ; LC_X15_Y12_N2 ; 6       ; Global Clock         ; GCLK1            ;
+----------------+---------------+---------+----------------------+------------------+


+------------------------------------------------------------------------------------------------------------+
; Non-Global High Fan-Out Signals                                                                            ;
+--------------------------------------------------------------------------------------------------+---------+
; Name                                                                                             ; Fan-Out ;
+--------------------------------------------------------------------------------------------------+---------+
; ~GND                                                                                             ; 50      ;
; divisor:inst|lpm_counter:lpm_counter_component|cntr_5ij:auto_generated|modulus_trigger           ; 31      ;
; divisor120:inst24|lpm_counter:lpm_counter_component|cntr_gfj:auto_generated|modulus_trigger      ; 21      ;
; 74190:inst6|48                                                                                   ; 12      ;
; 7476:inst5|8                                                                                     ; 12      ;
; 74190:inst2|48                                                                                   ; 11      ;
; 74190:inst2|49                                                                                   ; 10      ;
; 74190:inst6|49                                                                                   ; 10      ;
; 74190:inst2|50                                                                                   ; 9       ;
; 74190:inst6|50                                                                                   ; 9       ;
; 74190:inst6|51                                                                                   ; 8       ;
; 74190:inst2|51                                                                                   ; 7       ;
; divisor120:inst24|lpm_counter:lpm_counter_component|cntr_gfj:auto_generated|counter_cella14~COUT ; 5       ;
; divisor120:inst24|lpm_counter:lpm_counter_component|cntr_gfj:auto_generated|counter_cella9~COUT  ; 5       ;
; divisor120:inst24|lpm_counter:lpm_counter_component|cntr_gfj:auto_generated|counter_cella4~COUT  ; 5       ;
; divisor:inst|lpm_counter:lpm_counter_component|cntr_5ij:auto_generated|counter_cella19~COUT      ; 5       ;
; divisor:inst|lpm_counter:lpm_counter_component|cntr_5ij:auto_generated|counter_cella14~COUT      ; 5       ;
; divisor:inst|lpm_counter:lpm_counter_component|cntr_5ij:auto_generated|counter_cella9~COUT       ; 5       ;
; divisor:inst|lpm_counter:lpm_counter_component|cntr_5ij:auto_generated|counter_cella4~COUT       ; 5       ;
; divisor:inst|lpm_counter:lpm_counter_component|cntr_5ij:auto_generated|counter_cella24~COUT      ; 5       ;
; divisor:inst|lpm_counter:lpm_counter_component|cntr_5ij:auto_generated|safe_q[24]                ; 3       ;
; inst27                                                                                           ; 2       ;
; divisor120:inst24|lpm_counter:lpm_counter_component|cntr_gfj:auto_generated|safe_q[13]           ; 2       ;
; divisor120:inst24|lpm_counter:lpm_counter_component|cntr_gfj:auto_generated|safe_q[15]           ; 2       ;
; divisor120:inst24|lpm_counter:lpm_counter_component|cntr_gfj:auto_generated|safe_q[14]           ; 2       ;
; divisor120:inst24|lpm_counter:lpm_counter_component|cntr_gfj:auto_generated|safe_q[12]           ; 2       ;
; divisor120:inst24|lpm_counter:lpm_counter_component|cntr_gfj:auto_generated|safe_q[11]           ; 2       ;
; divisor120:inst24|lpm_counter:lpm_counter_component|cntr_gfj:auto_generated|safe_q[10]           ; 2       ;
; divisor120:inst24|lpm_counter:lpm_counter_component|cntr_gfj:auto_generated|safe_q[8]            ; 2       ;
; divisor120:inst24|lpm_counter:lpm_counter_component|cntr_gfj:auto_generated|safe_q[9]            ; 2       ;
; divisor120:inst24|lpm_counter:lpm_counter_component|cntr_gfj:auto_generated|safe_q[3]            ; 2       ;
; divisor120:inst24|lpm_counter:lpm_counter_component|cntr_gfj:auto_generated|safe_q[2]            ; 2       ;
; divisor120:inst24|lpm_counter:lpm_counter_component|cntr_gfj:auto_generated|safe_q[7]            ; 2       ;
; divisor120:inst24|lpm_counter:lpm_counter_component|cntr_gfj:auto_generated|safe_q[6]            ; 2       ;
; divisor120:inst24|lpm_counter:lpm_counter_component|cntr_gfj:auto_generated|safe_q[5]            ; 2       ;
; divisor120:inst24|lpm_counter:lpm_counter_component|cntr_gfj:auto_generated|safe_q[4]            ; 2       ;
; divisor120:inst24|lpm_counter:lpm_counter_component|cntr_gfj:auto_generated|safe_q[1]            ; 2       ;
; divisor120:inst24|lpm_counter:lpm_counter_component|cntr_gfj:auto_generated|safe_q[0]            ; 2       ;
; divisor120:inst24|lpm_counter:lpm_counter_component|cntr_gfj:auto_generated|safe_q[17]           ; 2       ;
; divisor120:inst24|lpm_counter:lpm_counter_component|cntr_gfj:auto_generated|safe_q[16]           ; 2       ;
; divisor120:inst24|lpm_counter:lpm_counter_component|cntr_gfj:auto_generated|safe_q[19]           ; 2       ;
; divisor120:inst24|lpm_counter:lpm_counter_component|cntr_gfj:auto_generated|safe_q[18]           ; 2       ;
; divisor:inst|lpm_counter:lpm_counter_component|cntr_5ij:auto_generated|safe_q[29]                ; 2       ;
; divisor:inst|lpm_counter:lpm_counter_component|cntr_5ij:auto_generated|safe_q[28]                ; 2       ;
; divisor:inst|lpm_counter:lpm_counter_component|cntr_5ij:auto_generated|safe_q[27]                ; 2       ;
; divisor:inst|lpm_counter:lpm_counter_component|cntr_5ij:auto_generated|safe_q[26]                ; 2       ;
; divisor:inst|lpm_counter:lpm_counter_component|cntr_5ij:auto_generated|safe_q[25]                ; 2       ;
; divisor:inst|lpm_counter:lpm_counter_component|cntr_5ij:auto_generated|safe_q[22]                ; 2       ;
; divisor:inst|lpm_counter:lpm_counter_component|cntr_5ij:auto_generated|safe_q[21]                ; 2       ;
; divisor:inst|lpm_counter:lpm_counter_component|cntr_5ij:auto_generated|safe_q[20]                ; 2       ;
+--------------------------------------------------------------------------------------------------+---------+


+-----------------------------------------------------+
; Interconnect Usage Summary                          ;
+----------------------------+------------------------+
; Interconnect Resource Type ; Usage                  ;
+----------------------------+------------------------+
; C4s                        ; 76 / 8,840 ( < 1 % )   ;
; Direct links               ; 11 / 11,506 ( < 1 % )  ;
; Global clocks              ; 5 / 8 ( 63 % )         ;
; LAB clocks                 ; 11 / 156 ( 7 % )       ;
; LUT chains                 ; 3 / 2,619 ( < 1 % )    ;
; Local interconnects        ; 102 / 11,506 ( < 1 % ) ;
; M4K buffers                ; 0 / 468 ( 0 % )        ;
; R4s                        ; 82 / 7,520 ( 1 % )     ;
+----------------------------+------------------------+


+---------------------------------------------------------------------------+
; LAB Logic Elements                                                        ;
+--------------------------------------------+------------------------------+
; Number of Logic Elements  (Average = 6.44) ; Number of LABs  (Total = 16) ;
+--------------------------------------------+------------------------------+
; 1                                          ; 6                            ;
; 2                                          ; 0                            ;
; 3                                          ; 0                            ;
; 4                                          ; 0                            ;
; 5                                          ; 0                            ;
; 6                                          ; 0                            ;
; 7                                          ; 0                            ;
; 8                                          ; 1                            ;
; 9                                          ; 1                            ;
; 10                                         ; 8                            ;
+--------------------------------------------+------------------------------+


+-------------------------------------------------------------------+
; LAB-wide Signals                                                  ;
+------------------------------------+------------------------------+
; LAB-wide Signals  (Average = 1.13) ; Number of LABs  (Total = 16) ;
+------------------------------------+------------------------------+
; 1 Async. clear                     ; 3                            ;
; 1 Clock                            ; 9                            ;
; 1 Sync. load                       ; 5                            ;
; 2 Clocks                           ; 1                            ;
+------------------------------------+------------------------------+


+----------------------------------------------------------------------------+
; LAB Signals Sourced                                                        ;
+---------------------------------------------+------------------------------+
; Number of Signals Sourced  (Average = 6.44) ; Number of LABs  (Total = 16) ;
+---------------------------------------------+------------------------------+
; 0                                           ; 0                            ;
; 1                                           ; 6                            ;
; 2                                           ; 0                            ;
; 3                                           ; 0                            ;
; 4                                           ; 0                            ;
; 5                                           ; 0                            ;
; 6                                           ; 0                            ;
; 7                                           ; 0                            ;
; 8                                           ; 1                            ;
; 9                                           ; 1                            ;
; 10                                          ; 8                            ;
+---------------------------------------------+------------------------------+


+--------------------------------------------------------------------------------+
; LAB Signals Sourced Out                                                        ;
+-------------------------------------------------+------------------------------+
; Number of Signals Sourced Out  (Average = 4.63) ; Number of LABs  (Total = 16) ;
+-------------------------------------------------+------------------------------+
; 0                                               ; 0                            ;
; 1                                               ; 8                            ;
; 2                                               ; 0                            ;
; 3                                               ; 0                            ;
; 4                                               ; 1                            ;
; 5                                               ; 1                            ;
; 6                                               ; 0                            ;
; 7                                               ; 0                            ;
; 8                                               ; 1                            ;
; 9                                               ; 1                            ;
; 10                                              ; 4                            ;
+-------------------------------------------------+------------------------------+


+----------------------------------------------------------------------------+
; LAB Distinct Inputs                                                        ;
+---------------------------------------------+------------------------------+
; Number of Distinct Inputs  (Average = 5.81) ; Number of LABs  (Total = 16) ;
+---------------------------------------------+------------------------------+
; 0                                           ; 0                            ;
; 1                                           ; 0                            ;
; 2                                           ; 0                            ;
; 3                                           ; 2                            ;
; 4                                           ; 9                            ;
; 5                                           ; 1                            ;
; 6                                           ; 1                            ;
; 7                                           ; 0                            ;
; 8                                           ; 0                            ;
; 9                                           ; 0                            ;
; 10                                          ; 1                            ;
; 11                                          ; 1                            ;
; 12                                          ; 0                            ;
; 13                                          ; 0                            ;
; 14                                          ; 0                            ;
; 15                                          ; 0                            ;
; 16                                          ; 0                            ;
; 17                                          ; 0                            ;
; 18                                          ; 0                            ;
; 19                                          ; 1                            ;
+---------------------------------------------+------------------------------+


+--------------------------------------------------------------------+
; Fitter Device Options                                              ;
+----------------------------------------------+---------------------+
; Option                                       ; Setting             ;
+----------------------------------------------+---------------------+
; Enable user-supplied start-up clock (CLKUSR) ; Off                 ;
; Enable device-wide reset (DEV_CLRn)          ; Off                 ;
; Enable device-wide output enable (DEV_OE)    ; Off                 ;
; Enable INIT_DONE output                      ; Off                 ;
; Configuration scheme                         ; Active Serial       ;
; Error detection CRC                          ; Off                 ;
; ASDO,nCSO                                    ; As input tri-stated ;
; Reserve all unused pins                      ; As input tri-stated ;
; Base pin-out file on sameframe device        ; Off                 ;
+----------------------------------------------+---------------------+


+------------------------------------------------------------+
; Estimated Delay Added for Hold Timing                      ;
+-----------------+----------------------+-------------------+
; Source Clock(s) ; Destination Clock(s) ; Delay Added in ns ;
+-----------------+----------------------+-------------------+


+-----------------+
; Fitter Messages ;
+-----------------+
Info: *******************************************************************
Info: Running Quartus II Fitter
    Info: Version 9.1 Build 350 03/24/2010 Service Pack 2 SJ Web Edition
    Info: Processing started: Fri Sep 26 17:19:43 2014
Info: Command: quartus_fit --read_settings_files=off --write_settings_files=off circuito1 -c circuito1
Info: Selected device EP1C3T100C8 for design "circuito1"
Info: Fitter is performing an Auto Fit compilation, which may decrease Fitter effort to reduce compilation time
Warning: Feature LogicLock is only available with a valid subscription license. Please purchase a software subscription to gain full access to this feature.
Info: Device migration not selected. If you intend to use device migration later, you may need to change the pin assignments as they may be incompatible with other devices
    Info: Device EP1C3T100A8 is compatible
Info: Fitter converted 2 user pins into dedicated programming pins
    Info: Pin ~nCSO~ is reserved at location 6
    Info: Pin ~ASDO~ is reserved at location 17
Critical Warning: No exact pin location assignment(s) for 1 pins of 13 total pins
    Info: Pin pin_name not assigned to an exact location on the device
Info: Timing-driven compilation is using the Classic Timing Analyzer
Info: Timing requirements not specified -- quality metrics such as performance and power consumption may be sacrificed to reduce compilation time.
Extra Info: Performing register packing on registers with non-logic cell location assignments
Extra Info: Completed register packing on registers with non-logic cell location assignments
Info: Completed User Assigned Global Signals Promotion Operation
Info: DQS I/O pins require 0 global routing resources
Info: Automatically promoted signal "CLOCK" to use Global clock in PIN 10
Info: Automatically promoted signal "74190:inst6|58" to use Global clock
Info: Automatically promoted some destinations of signal "inst25" to use Global clock
    Info: Destination "inst25" may be non-global or may not use global clock
    Info: Destination "74190:inst6|58" may be non-global or may not use global clock
Info: Automatically promoted signal "KEY0" to use Global clock
Info: Pin "KEY0" drives global clock, but is not placed in a dedicated clock pin position
Info: Automatically promoted signal "KEY1" to use Global clock
Info: Pin "KEY1" drives global clock, but is not placed in a dedicated clock pin position
Info: Completed Auto Global Promotion Operation
Info: Starting register packing
Extra Info: Started Fast Input/Output/OE register processing
Extra Info: Finished Fast Input/Output/OE register processing
Info: Fitter is using Normal packing mode for logic elements with Auto setting for Auto Packed Registers logic option
Extra Info: Moving registers into I/O cells, LUTs, and RAM blocks to improve timing and density
Info: Finished moving registers into I/O cells, LUTs, and RAM blocks
Info: Finished register packing
Info: Statistics of I/O pins that need to be placed that use the same VCCIO and VREF, before I/O pin placement
    Info: Number of I/O pins in group: 1 (unused VREF, 3.3V VCCIO, 0 input, 1 output, 0 bidirectional)
        Info: I/O standards used: 3.3-V LVTTL.
Info: I/O bank details before I/O pin placement
    Info: Statistics of I/O banks
        Info: I/O bank number 1 does not use VREF pins and has undetermined VCCIO pins. 3 total pin(s) used --  11 pins available
        Info: I/O bank number 2 does not use VREF pins and has 3.3V VCCIO pins. 3 total pin(s) used --  14 pins available
        Info: I/O bank number 3 does not use VREF pins and has 3.3V VCCIO pins. 6 total pin(s) used --  11 pins available
        Info: I/O bank number 4 does not use VREF pins and has undetermined VCCIO pins. 2 total pin(s) used --  15 pins available
Warning: Ignored locations or region assignments to the following nodes
    Warning: Node "SEGDP" is assigned to location or region, but does not exist in design
Info: Fitter preparation operations ending: elapsed time is 00:00:00
Info: Fitter placement preparation operations beginning
Info: Fitter placement preparation operations ending: elapsed time is 00:00:00
Info: Fitter placement operations beginning
Info: Fitter placement was successful
Info: Fitter placement operations ending: elapsed time is 00:00:00
Info: Estimated most critical path is register to register delay of 0.925 ns
    Info: 1: + IC(0.000 ns) + CELL(0.000 ns) = 0.000 ns; Loc. = LAB_X23_Y11; Fanout = 11; REG Node = '74190:inst2|48'
    Info: 2: + IC(0.616 ns) + CELL(0.309 ns) = 0.925 ns; Loc. = LAB_X23_Y11; Fanout = 7; REG Node = '74190:inst2|51'
    Info: Total cell delay = 0.309 ns ( 33.41 % )
    Info: Total interconnect delay = 0.616 ns ( 66.59 % )
Info: Fitter routing operations beginning
Info: Average interconnect usage is 1% of the available device resources
    Info: Peak interconnect usage is 1% of the available device resources in the region that extends from location X14_Y0 to location X27_Y14
Info: Fitter routing operations ending: elapsed time is 00:00:00
Info: The Fitter performed an Auto Fit compilation.  Optimizations were skipped to reduce compilation time.
    Info: Optimizations that may affect the design's routability were skipped
    Info: Optimizations that may affect the design's timing were skipped
Info: Completed Fixed Delay Chain Operation
Info: Started post-fitting delay annotation
Info: Delay annotation completed successfully
Info: Completed Auto Delay Chain Operation
Warning: Found invalid Fitter assignments. See the Ignored Assignments panel in the Fitter Compilation Report for more information.
Info: Quartus II Fitter was successful. 0 errors, 5 warnings
    Info: Peak virtual memory: 200 megabytes
    Info: Processing ended: Fri Sep 26 17:19:44 2014
    Info: Elapsed time: 00:00:01
    Info: Total CPU time (on all processors): 00:00:02


