Analysis & Synthesis report for ControleMotorPasso
Fri Oct 03 16:10:29 2014
Quartus II Version 9.1 Build 350 03/24/2010 Service Pack 2 SJ Web Edition


---------------------
; Table of Contents ;
---------------------
  1. Legal Notice
  2. Analysis & Synthesis Summary
  3. Analysis & Synthesis Settings
  4. Parallel Compilation
  5. Analysis & Synthesis Source Files Read
  6. Analysis & Synthesis Resource Usage Summary
  7. Analysis & Synthesis Resource Utilization by Entity
  8. General Register Statistics
  9. Source assignments for divisor:inst14|lpm_counter:lpm_counter_component
 10. Source assignments for divisor5:inst20|lpm_counter:lpm_counter_component
 11. Source assignments for divisor2:inst17|lpm_counter:lpm_counter_component
 12. Source assignments for divisor100:inst24|lpm_counter:lpm_counter_component
 13. Source assignments for divisor10:inst22|lpm_counter:lpm_counter_component
 14. Parameter Settings for User Entity Instance: divisor:inst14|lpm_counter:lpm_counter_component
 15. Parameter Settings for User Entity Instance: divisor5:inst20|lpm_counter:lpm_counter_component
 16. Parameter Settings for User Entity Instance: divisor2:inst17|lpm_counter:lpm_counter_component
 17. Parameter Settings for User Entity Instance: divisor100:inst24|lpm_counter:lpm_counter_component
 18. Parameter Settings for User Entity Instance: divisor10:inst22|lpm_counter:lpm_counter_component
 19. Analysis & Synthesis Messages



----------------
; Legal Notice ;
----------------
Copyright (C) 1991-2010 Altera Corporation
Your use of Altera Corporation's design tools, logic functions 
and other software and tools, and its AMPP partner logic 
functions, and any output files from any of the foregoing 
(including device programming or simulation files), and any 
associated documentation or information are expressly subject 
to the terms and conditions of the Altera Program License 
Subscription Agreement, Altera MegaCore Function License 
Agreement, or other applicable license agreement, including, 
without limitation, that your use is for the sole purpose of 
programming logic devices manufactured by Altera and sold by 
Altera or its authorized distributors.  Please refer to the 
applicable agreement for further details.



+----------------------------------------------------------------------------+
; Analysis & Synthesis Summary                                               ;
+-----------------------------+----------------------------------------------+
; Analysis & Synthesis Status ; Successful - Fri Oct 03 16:10:29 2014        ;
; Quartus II Version          ; 9.1 Build 350 03/24/2010 SP 2 SJ Web Edition ;
; Revision Name               ; ControleMotorPasso                           ;
; Top-level Entity Name       ; ControleMotorPasso                           ;
; Family                      ; Cyclone                                      ;
; Total logic elements        ; 216                                          ;
; Total pins                  ; 11                                           ;
; Total virtual pins          ; 0                                            ;
; Total memory bits           ; 0                                            ;
; Total PLLs                  ; 0                                            ;
+-----------------------------+----------------------------------------------+


+----------------------------------------------------------------------------------------------------------------------+
; Analysis & Synthesis Settings                                                                                        ;
+----------------------------------------------------------------------------+--------------------+--------------------+
; Option                                                                     ; Setting            ; Default Value      ;
+----------------------------------------------------------------------------+--------------------+--------------------+
; Device                                                                     ; EP1C3T100C8        ;                    ;
; Top-level entity name                                                      ; ControleMotorPasso ; ControleMotorPasso ;
; Family name                                                                ; Cyclone            ; Stratix II         ;
; Use Generated Physical Constraints File                                    ; Off                ;                    ;
; Use smart compilation                                                      ; Off                ; Off                ;
; Enable parallel Assembler and TimeQuest Timing Analyzer during compilation ; On                 ; On                 ;
; Enable compact report table                                                ; Off                ; Off                ;
; Restructure Multiplexers                                                   ; Auto               ; Auto               ;
; Create Debugging Nodes for IP Cores                                        ; Off                ; Off                ;
; Preserve fewer node names                                                  ; On                 ; On                 ;
; Disable OpenCore Plus hardware evaluation                                  ; Off                ; Off                ;
; Verilog Version                                                            ; Verilog_2001       ; Verilog_2001       ;
; VHDL Version                                                               ; VHDL_1993          ; VHDL_1993          ;
; State Machine Processing                                                   ; Auto               ; Auto               ;
; Safe State Machine                                                         ; Off                ; Off                ;
; Extract Verilog State Machines                                             ; On                 ; On                 ;
; Extract VHDL State Machines                                                ; On                 ; On                 ;
; Ignore Verilog initial constructs                                          ; Off                ; Off                ;
; Iteration limit for constant Verilog loops                                 ; 5000               ; 5000               ;
; Iteration limit for non-constant Verilog loops                             ; 250                ; 250                ;
; Add Pass-Through Logic to Inferred RAMs                                    ; On                 ; On                 ;
; Parallel Synthesis                                                         ; On                 ; On                 ;
; NOT Gate Push-Back                                                         ; On                 ; On                 ;
; Power-Up Don't Care                                                        ; On                 ; On                 ;
; Remove Redundant Logic Cells                                               ; Off                ; Off                ;
; Remove Duplicate Registers                                                 ; On                 ; On                 ;
; Ignore CARRY Buffers                                                       ; Off                ; Off                ;
; Ignore CASCADE Buffers                                                     ; Off                ; Off                ;
; Ignore GLOBAL Buffers                                                      ; Off                ; Off                ;
; Ignore ROW GLOBAL Buffers                                                  ; Off                ; Off                ;
; Ignore LCELL Buffers                                                       ; Off                ; Off                ;
; Ignore SOFT Buffers                                                        ; On                 ; On                 ;
; Limit AHDL Integers to 32 Bits                                             ; Off                ; Off                ;
; Optimization Technique                                                     ; Balanced           ; Balanced           ;
; Carry Chain Length                                                         ; 70                 ; 70                 ;
; Auto Carry Chains                                                          ; On                 ; On                 ;
; Auto Open-Drain Pins                                                       ; On                 ; On                 ;
; Perform WYSIWYG Primitive Resynthesis                                      ; Off                ; Off                ;
; Auto ROM Replacement                                                       ; On                 ; On                 ;
; Auto RAM Replacement                                                       ; On                 ; On                 ;
; Auto Shift Register Replacement                                            ; Auto               ; Auto               ;
; Auto Clock Enable Replacement                                              ; On                 ; On                 ;
; Strict RAM Replacement                                                     ; Off                ; Off                ;
; Allow Synchronous Control Signals                                          ; On                 ; On                 ;
; Force Use of Synchronous Clear Signals                                     ; Off                ; Off                ;
; Auto RAM Block Balancing                                                   ; On                 ; On                 ;
; Auto RAM to Logic Cell Conversion                                          ; Off                ; Off                ;
; Auto Resource Sharing                                                      ; Off                ; Off                ;
; Allow Any RAM Size For Recognition                                         ; Off                ; Off                ;
; Allow Any ROM Size For Recognition                                         ; Off                ; Off                ;
; Allow Any Shift Register Size For Recognition                              ; Off                ; Off                ;
; Use LogicLock Constraints during Resource Balancing                        ; On                 ; On                 ;
; Ignore translate_off and synthesis_off directives                          ; Off                ; Off                ;
; Show Parameter Settings Tables in Synthesis Report                         ; On                 ; On                 ;
; Ignore Maximum Fan-Out Assignments                                         ; Off                ; Off                ;
; Synchronization Register Chain Length                                      ; 2                  ; 2                  ;
; PowerPlay Power Optimization                                               ; Normal compilation ; Normal compilation ;
; HDL message level                                                          ; Level2             ; Level2             ;
; Suppress Register Optimization Related Messages                            ; Off                ; Off                ;
; Number of Removed Registers Reported in Synthesis Report                   ; 5000               ; 5000               ;
; Number of Inverted Registers Reported in Synthesis Report                  ; 100                ; 100                ;
; Clock MUX Protection                                                       ; On                 ; On                 ;
; Block Design Naming                                                        ; Auto               ; Auto               ;
; Synthesis Effort                                                           ; Auto               ; Auto               ;
; Shift Register Replacement - Allow Asynchronous Clear Signal               ; On                 ; On                 ;
; Analysis & Synthesis Message Level                                         ; Medium             ; Medium             ;
; Disable Register Merging Across Hierarchies                                ; Auto               ; Auto               ;
; Resource Aware Inference For Block RAM                                     ; On                 ; On                 ;
+----------------------------------------------------------------------------+--------------------+--------------------+


Parallel compilation was disabled, but you have multiple processors available. Enable parallel compilation to reduce compilation time.
+-------------------------------------+
; Parallel Compilation                ;
+----------------------------+--------+
; Processors                 ; Number ;
+----------------------------+--------+
; Number detected on machine ; 2      ;
; Maximum allowed            ; 1      ;
+----------------------------+--------+


+--------------------------------------------------------------------------------------------------------------------------------------------------------------------+
; Analysis & Synthesis Source Files Read                                                                                                                             ;
+----------------------------------+-----------------+------------------------------------+--------------------------------------------------------------------------+
; File Name with User-Entered Path ; Used in Netlist ; File Type                          ; File Name with Absolute Path                                             ;
+----------------------------------+-----------------+------------------------------------+--------------------------------------------------------------------------+
; divisor.vhd                      ; yes             ; User Wizard-Generated File         ; C:/Users/Aluno/Desktop/Controle de Motor de Passo/divisor.vhd            ;
; ControleMotorPasso.bdf           ; yes             ; User Block Diagram/Schematic File  ; C:/Users/Aluno/Desktop/Controle de Motor de Passo/ControleMotorPasso.bdf ;
; divisor2.vhd                     ; yes             ; User Wizard-Generated File         ; C:/Users/Aluno/Desktop/Controle de Motor de Passo/divisor2.vhd           ;
; divisor5.vhd                     ; yes             ; User Wizard-Generated File         ; C:/Users/Aluno/Desktop/Controle de Motor de Passo/divisor5.vhd           ;
; divisor10.vhd                    ; yes             ; User Wizard-Generated File         ; C:/Users/Aluno/Desktop/Controle de Motor de Passo/divisor10.vhd          ;
; divisor100.vhd                   ; yes             ; User Wizard-Generated File         ; C:/Users/Aluno/Desktop/Controle de Motor de Passo/divisor100.vhd         ;
; 7474.bdf                         ; yes             ; Megafunction                       ; c:/altera/91sp2/quartus/libraries/others/maxplus2/7474.bdf               ;
; 7486.bdf                         ; yes             ; Megafunction                       ; c:/altera/91sp2/quartus/libraries/others/maxplus2/7486.bdf               ;
; lpm_counter.tdf                  ; yes             ; Megafunction                       ; c:/altera/91sp2/quartus/libraries/megafunctions/lpm_counter.tdf          ;
; db/cntr_5ij.tdf                  ; yes             ; Auto-Generated Megafunction        ; C:/Users/Aluno/Desktop/Controle de Motor de Passo/db/cntr_5ij.tdf        ;
; db/cmpr_56c.tdf                  ; yes             ; Auto-Generated Megafunction        ; C:/Users/Aluno/Desktop/Controle de Motor de Passo/db/cmpr_56c.tdf        ;
; db/cntr_jgj.tdf                  ; yes             ; Auto-Generated Megafunction        ; C:/Users/Aluno/Desktop/Controle de Motor de Passo/db/cntr_jgj.tdf        ;
; db/cntr_6ij.tdf                  ; yes             ; Auto-Generated Megafunction        ; C:/Users/Aluno/Desktop/Controle de Motor de Passo/db/cntr_6ij.tdf        ;
; db/cntr_5fj.tdf                  ; yes             ; Auto-Generated Megafunction        ; C:/Users/Aluno/Desktop/Controle de Motor de Passo/db/cntr_5fj.tdf        ;
; db/cntr_lgj.tdf                  ; yes             ; Auto-Generated Megafunction        ; C:/Users/Aluno/Desktop/Controle de Motor de Passo/db/cntr_lgj.tdf        ;
+----------------------------------+-----------------+------------------------------------+--------------------------------------------------------------------------+


+-----------------------------------------------------+
; Analysis & Synthesis Resource Usage Summary         ;
+---------------------------------------------+-------+
; Resource                                    ; Usage ;
+---------------------------------------------+-------+
; Total logic elements                        ; 216   ;
;     -- Combinational with no register       ; 59    ;
;     -- Register only                        ; 0     ;
;     -- Combinational with a register        ; 157   ;
;                                             ;       ;
; Logic element usage by number of LUT inputs ;       ;
;     -- 4 input functions                    ; 48    ;
;     -- 3 input functions                    ; 5     ;
;     -- 2 input functions                    ; 152   ;
;     -- 1 input functions                    ; 10    ;
;     -- 0 input functions                    ; 1     ;
;                                             ;       ;
; Logic elements by mode                      ;       ;
;     -- normal mode                          ; 66    ;
;     -- arithmetic mode                      ; 150   ;
;     -- qfbk mode                            ; 0     ;
;     -- register cascade mode                ; 0     ;
;     -- synchronous clear/load mode          ; 150   ;
;     -- asynchronous clear/load mode         ; 0     ;
;                                             ;       ;
; Total registers                             ; 157   ;
; Total logic cells in carry chains           ; 155   ;
; I/O pins                                    ; 11    ;
; Maximum fan-out node                        ; ~GND  ;
; Maximum fan-out                             ; 150   ;
; Total fan-out                               ; 982   ;
; Average fan-out                             ; 4.33  ;
+---------------------------------------------+-------+


+---------------------------------------------------------------------------------------------------------------------------------------------------------------------------------------------------------------------------------------------------------------------------------------------------------------------------------+
; Analysis & Synthesis Resource Utilization by Entity                                                                                                                                                                                                                                                                             ;
+-------------------------------------------+-------------+--------------+-------------+------+--------------+--------------+-------------------+------------------+-----------------+------------+----------------------------------------------------------------------------------------------------------------+--------------+
; Compilation Hierarchy Node                ; Logic Cells ; LC Registers ; Memory Bits ; Pins ; Virtual Pins ; LUT-Only LCs ; Register-Only LCs ; LUT/Register LCs ; Carry Chain LCs ; Packed LCs ; Full Hierarchy Name                                                                                            ; Library Name ;
+-------------------------------------------+-------------+--------------+-------------+------+--------------+--------------+-------------------+------------------+-----------------+------------+----------------------------------------------------------------------------------------------------------------+--------------+
; |ControleMotorPasso                       ; 216 (9)     ; 157          ; 0           ; 11   ; 0            ; 59 (4)       ; 0 (0)             ; 157 (5)          ; 155 (0)         ; 0 (0)      ; |ControleMotorPasso                                                                                            ; work         ;
;    |7474:inst|                            ; 2 (2)       ; 2            ; 0           ; 0    ; 0            ; 0 (0)        ; 0 (0)             ; 2 (2)            ; 0 (0)           ; 0 (0)      ; |ControleMotorPasso|7474:inst                                                                                  ;              ;
;    |divisor100:inst24|                    ; 41 (0)      ; 30           ; 0           ; 0    ; 0            ; 11 (0)       ; 0 (0)             ; 30 (0)           ; 31 (0)          ; 0 (0)      ; |ControleMotorPasso|divisor100:inst24                                                                          ; work         ;
;       |lpm_counter:lpm_counter_component| ; 41 (0)      ; 30           ; 0           ; 0    ; 0            ; 11 (0)       ; 0 (0)             ; 30 (0)           ; 31 (0)          ; 0 (0)      ; |ControleMotorPasso|divisor100:inst24|lpm_counter:lpm_counter_component                                        ; work         ;
;          |cntr_5fj:auto_generated|        ; 41 (31)     ; 30           ; 0           ; 0    ; 0            ; 11 (1)       ; 0 (0)             ; 30 (30)          ; 31 (31)         ; 0 (0)      ; |ControleMotorPasso|divisor100:inst24|lpm_counter:lpm_counter_component|cntr_5fj:auto_generated                ; work         ;
;             |cmpr_56c:cmpr1|              ; 10 (10)     ; 0            ; 0           ; 0    ; 0            ; 10 (10)      ; 0 (0)             ; 0 (0)            ; 0 (0)           ; 0 (0)      ; |ControleMotorPasso|divisor100:inst24|lpm_counter:lpm_counter_component|cntr_5fj:auto_generated|cmpr_56c:cmpr1 ; work         ;
;    |divisor10:inst22|                     ; 41 (0)      ; 30           ; 0           ; 0    ; 0            ; 11 (0)       ; 0 (0)             ; 30 (0)           ; 31 (0)          ; 0 (0)      ; |ControleMotorPasso|divisor10:inst22                                                                           ; work         ;
;       |lpm_counter:lpm_counter_component| ; 41 (0)      ; 30           ; 0           ; 0    ; 0            ; 11 (0)       ; 0 (0)             ; 30 (0)           ; 31 (0)          ; 0 (0)      ; |ControleMotorPasso|divisor10:inst22|lpm_counter:lpm_counter_component                                         ; work         ;
;          |cntr_lgj:auto_generated|        ; 41 (31)     ; 30           ; 0           ; 0    ; 0            ; 11 (1)       ; 0 (0)             ; 30 (30)          ; 31 (31)         ; 0 (0)      ; |ControleMotorPasso|divisor10:inst22|lpm_counter:lpm_counter_component|cntr_lgj:auto_generated                 ; work         ;
;             |cmpr_56c:cmpr1|              ; 10 (10)     ; 0            ; 0           ; 0    ; 0            ; 10 (10)      ; 0 (0)             ; 0 (0)            ; 0 (0)           ; 0 (0)      ; |ControleMotorPasso|divisor10:inst22|lpm_counter:lpm_counter_component|cntr_lgj:auto_generated|cmpr_56c:cmpr1  ; work         ;
;    |divisor2:inst17|                      ; 41 (0)      ; 30           ; 0           ; 0    ; 0            ; 11 (0)       ; 0 (0)             ; 30 (0)           ; 31 (0)          ; 0 (0)      ; |ControleMotorPasso|divisor2:inst17                                                                            ;              ;
;       |lpm_counter:lpm_counter_component| ; 41 (0)      ; 30           ; 0           ; 0    ; 0            ; 11 (0)       ; 0 (0)             ; 30 (0)           ; 31 (0)          ; 0 (0)      ; |ControleMotorPasso|divisor2:inst17|lpm_counter:lpm_counter_component                                          ;              ;
;          |cntr_6ij:auto_generated|        ; 41 (31)     ; 30           ; 0           ; 0    ; 0            ; 11 (1)       ; 0 (0)             ; 30 (30)          ; 31 (31)         ; 0 (0)      ; |ControleMotorPasso|divisor2:inst17|lpm_counter:lpm_counter_component|cntr_6ij:auto_generated                  ; work         ;
;             |cmpr_56c:cmpr1|              ; 10 (10)     ; 0            ; 0           ; 0    ; 0            ; 10 (10)      ; 0 (0)             ; 0 (0)            ; 0 (0)           ; 0 (0)      ; |ControleMotorPasso|divisor2:inst17|lpm_counter:lpm_counter_component|cntr_6ij:auto_generated|cmpr_56c:cmpr1   ; work         ;
;    |divisor5:inst20|                      ; 41 (0)      ; 30           ; 0           ; 0    ; 0            ; 11 (0)       ; 0 (0)             ; 30 (0)           ; 31 (0)          ; 0 (0)      ; |ControleMotorPasso|divisor5:inst20                                                                            ;              ;
;       |lpm_counter:lpm_counter_component| ; 41 (0)      ; 30           ; 0           ; 0    ; 0            ; 11 (0)       ; 0 (0)             ; 30 (0)           ; 31 (0)          ; 0 (0)      ; |ControleMotorPasso|divisor5:inst20|lpm_counter:lpm_counter_component                                          ;              ;
;          |cntr_jgj:auto_generated|        ; 41 (31)     ; 30           ; 0           ; 0    ; 0            ; 11 (1)       ; 0 (0)             ; 30 (30)          ; 31 (31)         ; 0 (0)      ; |ControleMotorPasso|divisor5:inst20|lpm_counter:lpm_counter_component|cntr_jgj:auto_generated                  ;              ;
;             |cmpr_56c:cmpr1|              ; 10 (10)     ; 0            ; 0           ; 0    ; 0            ; 10 (10)      ; 0 (0)             ; 0 (0)            ; 0 (0)           ; 0 (0)      ; |ControleMotorPasso|divisor5:inst20|lpm_counter:lpm_counter_component|cntr_jgj:auto_generated|cmpr_56c:cmpr1   ;              ;
;    |divisor:inst14|                       ; 41 (0)      ; 30           ; 0           ; 0    ; 0            ; 11 (0)       ; 0 (0)             ; 30 (0)           ; 31 (0)          ; 0 (0)      ; |ControleMotorPasso|divisor:inst14                                                                             ;              ;
;       |lpm_counter:lpm_counter_component| ; 41 (0)      ; 30           ; 0           ; 0    ; 0            ; 11 (0)       ; 0 (0)             ; 30 (0)           ; 31 (0)          ; 0 (0)      ; |ControleMotorPasso|divisor:inst14|lpm_counter:lpm_counter_component                                           ;              ;
;          |cntr_5ij:auto_generated|        ; 41 (31)     ; 30           ; 0           ; 0    ; 0            ; 11 (1)       ; 0 (0)             ; 30 (30)          ; 31 (31)         ; 0 (0)      ; |ControleMotorPasso|divisor:inst14|lpm_counter:lpm_counter_component|cntr_5ij:auto_generated                   ;              ;
;             |cmpr_56c:cmpr1|              ; 10 (10)     ; 0            ; 0           ; 0    ; 0            ; 10 (10)      ; 0 (0)             ; 0 (0)            ; 0 (0)           ; 0 (0)      ; |ControleMotorPasso|divisor:inst14|lpm_counter:lpm_counter_component|cntr_5ij:auto_generated|cmpr_56c:cmpr1    ;              ;
+-------------------------------------------+-------------+--------------+-------------+------+--------------+--------------+-------------------+------------------+-----------------+------------+----------------------------------------------------------------------------------------------------------------+--------------+
Note: For table entries with two numbers listed, the numbers in parentheses indicate the number of resources of the given type used by the specific entity alone. The numbers listed outside of parentheses indicate the total resources of the given type used by the specific entity and all of its sub-entities in the hierarchy.


+------------------------------------------------------+
; General Register Statistics                          ;
+----------------------------------------------+-------+
; Statistic                                    ; Value ;
+----------------------------------------------+-------+
; Total registers                              ; 157   ;
; Number of registers using Synchronous Clear  ; 0     ;
; Number of registers using Synchronous Load   ; 150   ;
; Number of registers using Asynchronous Clear ; 0     ;
; Number of registers using Asynchronous Load  ; 0     ;
; Number of registers using Clock Enable       ; 0     ;
; Number of registers using Preset             ; 0     ;
+----------------------------------------------+-------+


+-------------------------------------------------------------------------+
; Source assignments for divisor:inst14|lpm_counter:lpm_counter_component ;
+---------------------------+-------+------+------------------------------+
; Assignment                ; Value ; From ; To                           ;
+---------------------------+-------+------+------------------------------+
; SUPPRESS_DA_RULE_INTERNAL ; a101  ; -    ; -                            ;
; SUPPRESS_DA_RULE_INTERNAL ; s102  ; -    ; -                            ;
; SUPPRESS_DA_RULE_INTERNAL ; s103  ; -    ; -                            ;
+---------------------------+-------+------+------------------------------+


+--------------------------------------------------------------------------+
; Source assignments for divisor5:inst20|lpm_counter:lpm_counter_component ;
+---------------------------+-------+------+-------------------------------+
; Assignment                ; Value ; From ; To                            ;
+---------------------------+-------+------+-------------------------------+
; SUPPRESS_DA_RULE_INTERNAL ; a101  ; -    ; -                             ;
; SUPPRESS_DA_RULE_INTERNAL ; s102  ; -    ; -                             ;
; SUPPRESS_DA_RULE_INTERNAL ; s103  ; -    ; -                             ;
+---------------------------+-------+------+-------------------------------+


+--------------------------------------------------------------------------+
; Source assignments for divisor2:inst17|lpm_counter:lpm_counter_component ;
+---------------------------+-------+------+-------------------------------+
; Assignment                ; Value ; From ; To                            ;
+---------------------------+-------+------+-------------------------------+
; SUPPRESS_DA_RULE_INTERNAL ; a101  ; -    ; -                             ;
; SUPPRESS_DA_RULE_INTERNAL ; s102  ; -    ; -                             ;
; SUPPRESS_DA_RULE_INTERNAL ; s103  ; -    ; -                             ;
+---------------------------+-------+------+-------------------------------+


+----------------------------------------------------------------------------+
; Source assignments for divisor100:inst24|lpm_counter:lpm_counter_component ;
+---------------------------+-------+------+---------------------------------+
; Assignment                ; Value ; From ; To                              ;
+---------------------------+-------+------+---------------------------------+
; SUPPRESS_DA_RULE_INTERNAL ; a101  ; -    ; -                               ;
; SUPPRESS_DA_RULE_INTERNAL ; s102  ; -    ; -                               ;
; SUPPRESS_DA_RULE_INTERNAL ; s103  ; -    ; -                               ;
+---------------------------+-------+------+---------------------------------+


+---------------------------------------------------------------------------+
; Source assignments for divisor10:inst22|lpm_counter:lpm_counter_component ;
+---------------------------+-------+------+--------------------------------+
; Assignment                ; Value ; From ; To                             ;
+---------------------------+-------+------+--------------------------------+
; SUPPRESS_DA_RULE_INTERNAL ; a101  ; -    ; -                              ;
; SUPPRESS_DA_RULE_INTERNAL ; s102  ; -    ; -                              ;
; SUPPRESS_DA_RULE_INTERNAL ; s103  ; -    ; -                              ;
+---------------------------+-------+------+--------------------------------+


+-----------------------------------------------------------------------------------------------+
; Parameter Settings for User Entity Instance: divisor:inst14|lpm_counter:lpm_counter_component ;
+------------------------+-------------+--------------------------------------------------------+
; Parameter Name         ; Value       ; Type                                                   ;
+------------------------+-------------+--------------------------------------------------------+
; AUTO_CARRY_CHAINS      ; ON          ; AUTO_CARRY                                             ;
; IGNORE_CARRY_BUFFERS   ; OFF         ; IGNORE_CARRY                                           ;
; AUTO_CASCADE_CHAINS    ; ON          ; AUTO_CASCADE                                           ;
; IGNORE_CASCADE_BUFFERS ; OFF         ; IGNORE_CASCADE                                         ;
; LPM_WIDTH              ; 30          ; Signed Integer                                         ;
; LPM_DIRECTION          ; UP          ; Untyped                                                ;
; LPM_MODULUS            ; 25000000    ; Signed Integer                                         ;
; LPM_AVALUE             ; UNUSED      ; Untyped                                                ;
; LPM_SVALUE             ; UNUSED      ; Untyped                                                ;
; LPM_PORT_UPDOWN        ; PORT_UNUSED ; Untyped                                                ;
; DEVICE_FAMILY          ; Cyclone     ; Untyped                                                ;
; CARRY_CHAIN            ; MANUAL      ; Untyped                                                ;
; CARRY_CHAIN_LENGTH     ; 48          ; CARRY_CHAIN_LENGTH                                     ;
; NOT_GATE_PUSH_BACK     ; ON          ; NOT_GATE_PUSH_BACK                                     ;
; CARRY_CNT_EN           ; SMART       ; Untyped                                                ;
; LABWIDE_SCLR           ; ON          ; Untyped                                                ;
; USE_NEW_VERSION        ; TRUE        ; Untyped                                                ;
; CBXI_PARAMETER         ; cntr_5ij    ; Untyped                                                ;
+------------------------+-------------+--------------------------------------------------------+
Note: In order to hide this table in the UI and the text report file, please set the "Show Parameter Settings Tables in Synthesis Report" option in "Analysis and Synthesis Settings -> More Settings" to "Off".


+------------------------------------------------------------------------------------------------+
; Parameter Settings for User Entity Instance: divisor5:inst20|lpm_counter:lpm_counter_component ;
+------------------------+-------------+---------------------------------------------------------+
; Parameter Name         ; Value       ; Type                                                    ;
+------------------------+-------------+---------------------------------------------------------+
; AUTO_CARRY_CHAINS      ; ON          ; AUTO_CARRY                                              ;
; IGNORE_CARRY_BUFFERS   ; OFF         ; IGNORE_CARRY                                            ;
; AUTO_CASCADE_CHAINS    ; ON          ; AUTO_CASCADE                                            ;
; IGNORE_CASCADE_BUFFERS ; OFF         ; IGNORE_CASCADE                                          ;
; LPM_WIDTH              ; 30          ; Signed Integer                                          ;
; LPM_DIRECTION          ; UP          ; Untyped                                                 ;
; LPM_MODULUS            ; 5000000     ; Signed Integer                                          ;
; LPM_AVALUE             ; UNUSED      ; Untyped                                                 ;
; LPM_SVALUE             ; UNUSED      ; Untyped                                                 ;
; LPM_PORT_UPDOWN        ; PORT_UNUSED ; Untyped                                                 ;
; DEVICE_FAMILY          ; Cyclone     ; Untyped                                                 ;
; CARRY_CHAIN            ; MANUAL      ; Untyped                                                 ;
; CARRY_CHAIN_LENGTH     ; 48          ; CARRY_CHAIN_LENGTH                                      ;
; NOT_GATE_PUSH_BACK     ; ON          ; NOT_GATE_PUSH_BACK                                      ;
; CARRY_CNT_EN           ; SMART       ; Untyped                                                 ;
; LABWIDE_SCLR           ; ON          ; Untyped                                                 ;
; USE_NEW_VERSION        ; TRUE        ; Untyped                                                 ;
; CBXI_PARAMETER         ; cntr_jgj    ; Untyped                                                 ;
+------------------------+-------------+---------------------------------------------------------+
Note: In order to hide this table in the UI and the text report file, please set the "Show Parameter Settings Tables in Synthesis Report" option in "Analysis and Synthesis Settings -> More Settings" to "Off".


+------------------------------------------------------------------------------------------------+
; Parameter Settings for User Entity Instance: divisor2:inst17|lpm_counter:lpm_counter_component ;
+------------------------+-------------+---------------------------------------------------------+
; Parameter Name         ; Value       ; Type                                                    ;
+------------------------+-------------+---------------------------------------------------------+
; AUTO_CARRY_CHAINS      ; ON          ; AUTO_CARRY                                              ;
; IGNORE_CARRY_BUFFERS   ; OFF         ; IGNORE_CARRY                                            ;
; AUTO_CASCADE_CHAINS    ; ON          ; AUTO_CASCADE                                            ;
; IGNORE_CASCADE_BUFFERS ; OFF         ; IGNORE_CASCADE                                          ;
; LPM_WIDTH              ; 30          ; Signed Integer                                          ;
; LPM_DIRECTION          ; UP          ; Untyped                                                 ;
; LPM_MODULUS            ; 12500000    ; Signed Integer                                          ;
; LPM_AVALUE             ; UNUSED      ; Untyped                                                 ;
; LPM_SVALUE             ; UNUSED      ; Untyped                                                 ;
; LPM_PORT_UPDOWN        ; PORT_UNUSED ; Untyped                                                 ;
; DEVICE_FAMILY          ; Cyclone     ; Untyped                                                 ;
; CARRY_CHAIN            ; MANUAL      ; Untyped                                                 ;
; CARRY_CHAIN_LENGTH     ; 48          ; CARRY_CHAIN_LENGTH                                      ;
; NOT_GATE_PUSH_BACK     ; ON          ; NOT_GATE_PUSH_BACK                                      ;
; CARRY_CNT_EN           ; SMART       ; Untyped                                                 ;
; LABWIDE_SCLR           ; ON          ; Untyped                                                 ;
; USE_NEW_VERSION        ; TRUE        ; Untyped                                                 ;
; CBXI_PARAMETER         ; cntr_6ij    ; Untyped                                                 ;
+------------------------+-------------+---------------------------------------------------------+
Note: In order to hide this table in the UI and the text report file, please set the "Show Parameter Settings Tables in Synthesis Report" option in "Analysis and Synthesis Settings -> More Settings" to "Off".


+--------------------------------------------------------------------------------------------------+
; Parameter Settings for User Entity Instance: divisor100:inst24|lpm_counter:lpm_counter_component ;
+------------------------+-------------+-----------------------------------------------------------+
; Parameter Name         ; Value       ; Type                                                      ;
+------------------------+-------------+-----------------------------------------------------------+
; AUTO_CARRY_CHAINS      ; ON          ; AUTO_CARRY                                                ;
; IGNORE_CARRY_BUFFERS   ; OFF         ; IGNORE_CARRY                                              ;
; AUTO_CASCADE_CHAINS    ; ON          ; AUTO_CASCADE                                              ;
; IGNORE_CASCADE_BUFFERS ; OFF         ; IGNORE_CASCADE                                            ;
; LPM_WIDTH              ; 30          ; Signed Integer                                            ;
; LPM_DIRECTION          ; UP          ; Untyped                                                   ;
; LPM_MODULUS            ; 250000      ; Signed Integer                                            ;
; LPM_AVALUE             ; UNUSED      ; Untyped                                                   ;
; LPM_SVALUE             ; UNUSED      ; Untyped                                                   ;
; LPM_PORT_UPDOWN        ; PORT_UNUSED ; Untyped                                                   ;
; DEVICE_FAMILY          ; Cyclone     ; Untyped                                                   ;
; CARRY_CHAIN            ; MANUAL      ; Untyped                                                   ;
; CARRY_CHAIN_LENGTH     ; 48          ; CARRY_CHAIN_LENGTH                                        ;
; NOT_GATE_PUSH_BACK     ; ON          ; NOT_GATE_PUSH_BACK                                        ;
; CARRY_CNT_EN           ; SMART       ; Untyped                                                   ;
; LABWIDE_SCLR           ; ON          ; Untyped                                                   ;
; USE_NEW_VERSION        ; TRUE        ; Untyped                                                   ;
; CBXI_PARAMETER         ; cntr_5fj    ; Untyped                                                   ;
+------------------------+-------------+-----------------------------------------------------------+
Note: In order to hide this table in the UI and the text report file, please set the "Show Parameter Settings Tables in Synthesis Report" option in "Analysis and Synthesis Settings -> More Settings" to "Off".


+-------------------------------------------------------------------------------------------------+
; Parameter Settings for User Entity Instance: divisor10:inst22|lpm_counter:lpm_counter_component ;
+------------------------+-------------+----------------------------------------------------------+
; Parameter Name         ; Value       ; Type                                                     ;
+------------------------+-------------+----------------------------------------------------------+
; AUTO_CARRY_CHAINS      ; ON          ; AUTO_CARRY                                               ;
; IGNORE_CARRY_BUFFERS   ; OFF         ; IGNORE_CARRY                                             ;
; AUTO_CASCADE_CHAINS    ; ON          ; AUTO_CASCADE                                             ;
; IGNORE_CASCADE_BUFFERS ; OFF         ; IGNORE_CASCADE                                           ;
; LPM_WIDTH              ; 30          ; Signed Integer                                           ;
; LPM_DIRECTION          ; UP          ; Untyped                                                  ;
; LPM_MODULUS            ; 2500000     ; Signed Integer                                           ;
; LPM_AVALUE             ; UNUSED      ; Untyped                                                  ;
; LPM_SVALUE             ; UNUSED      ; Untyped                                                  ;
; LPM_PORT_UPDOWN        ; PORT_UNUSED ; Untyped                                                  ;
; DEVICE_FAMILY          ; Cyclone     ; Untyped                                                  ;
; CARRY_CHAIN            ; MANUAL      ; Untyped                                                  ;
; CARRY_CHAIN_LENGTH     ; 48          ; CARRY_CHAIN_LENGTH                                       ;
; NOT_GATE_PUSH_BACK     ; ON          ; NOT_GATE_PUSH_BACK                                       ;
; CARRY_CNT_EN           ; SMART       ; Untyped                                                  ;
; LABWIDE_SCLR           ; ON          ; Untyped                                                  ;
; USE_NEW_VERSION        ; TRUE        ; Untyped                                                  ;
; CBXI_PARAMETER         ; cntr_lgj    ; Untyped                                                  ;
+------------------------+-------------+----------------------------------------------------------+
Note: In order to hide this table in the UI and the text report file, please set the "Show Parameter Settings Tables in Synthesis Report" option in "Analysis and Synthesis Settings -> More Settings" to "Off".


+-------------------------------+
; Analysis & Synthesis Messages ;
+-------------------------------+
Info: *******************************************************************
Info: Running Quartus II Analysis & Synthesis
    Info: Version 9.1 Build 350 03/24/2010 Service Pack 2 SJ Web Edition
    Info: Processing started: Fri Oct 03 16:10:27 2014
Info: Command: quartus_map --read_settings_files=on --write_settings_files=off ControleMotorPasso -c ControleMotorPasso
Info: Found 2 design units, including 1 entities, in source file divisor.vhd
    Info: Found design unit 1: divisor-SYN
    Info: Found entity 1: divisor
Info: Found 1 design units, including 1 entities, in source file controlemotorpasso.bdf
    Info: Found entity 1: ControleMotorPasso
Info: Found 2 design units, including 1 entities, in source file divisor2.vhd
    Info: Found design unit 1: divisor2-SYN
    Info: Found entity 1: divisor2
Info: Found 2 design units, including 1 entities, in source file divisor5.vhd
    Info: Found design unit 1: divisor5-SYN
    Info: Found entity 1: divisor5
Info: Found 2 design units, including 1 entities, in source file divisor10.vhd
    Info: Found design unit 1: divisor10-SYN
    Info: Found entity 1: divisor10
Info: Found 2 design units, including 1 entities, in source file divisor100.vhd
    Info: Found design unit 1: divisor100-SYN
    Info: Found entity 1: divisor100
Info: Elaborating entity "ControleMotorPasso" for the top level hierarchy
Info: Elaborating entity "7474" for hierarchy "7474:inst"
Info: Elaborated megafunction instantiation "7474:inst"
Info: Elaborating entity "7486" for hierarchy "7486:inst8"
Info: Elaborated megafunction instantiation "7486:inst8"
Info: Elaborating entity "divisor" for hierarchy "divisor:inst14"
Info: Elaborating entity "lpm_counter" for hierarchy "divisor:inst14|lpm_counter:lpm_counter_component"
Info: Elaborated megafunction instantiation "divisor:inst14|lpm_counter:lpm_counter_component"
Info: Instantiated megafunction "divisor:inst14|lpm_counter:lpm_counter_component" with the following parameter:
    Info: Parameter "lpm_direction" = "UP"
    Info: Parameter "lpm_modulus" = "25000000"
    Info: Parameter "lpm_port_updown" = "PORT_UNUSED"
    Info: Parameter "lpm_type" = "LPM_COUNTER"
    Info: Parameter "lpm_width" = "30"
Info: Found 1 design units, including 1 entities, in source file db/cntr_5ij.tdf
    Info: Found entity 1: cntr_5ij
Info: Elaborating entity "cntr_5ij" for hierarchy "divisor:inst14|lpm_counter:lpm_counter_component|cntr_5ij:auto_generated"
Info: Found 1 design units, including 1 entities, in source file db/cmpr_56c.tdf
    Info: Found entity 1: cmpr_56c
Info: Elaborating entity "cmpr_56c" for hierarchy "divisor:inst14|lpm_counter:lpm_counter_component|cntr_5ij:auto_generated|cmpr_56c:cmpr1"
Info: Elaborating entity "divisor5" for hierarchy "divisor5:inst20"
Info: Elaborating entity "lpm_counter" for hierarchy "divisor5:inst20|lpm_counter:lpm_counter_component"
Info: Elaborated megafunction instantiation "divisor5:inst20|lpm_counter:lpm_counter_component"
Info: Instantiated megafunction "divisor5:inst20|lpm_counter:lpm_counter_component" with the following parameter:
    Info: Parameter "lpm_direction" = "UP"
    Info: Parameter "lpm_modulus" = "5000000"
    Info: Parameter "lpm_port_updown" = "PORT_UNUSED"
    Info: Parameter "lpm_type" = "LPM_COUNTER"
    Info: Parameter "lpm_width" = "30"
Info: Found 1 design units, including 1 entities, in source file db/cntr_jgj.tdf
    Info: Found entity 1: cntr_jgj
Info: Elaborating entity "cntr_jgj" for hierarchy "divisor5:inst20|lpm_counter:lpm_counter_component|cntr_jgj:auto_generated"
Info: Elaborating entity "divisor2" for hierarchy "divisor2:inst17"
Info: Elaborating entity "lpm_counter" for hierarchy "divisor2:inst17|lpm_counter:lpm_counter_component"
Info: Elaborated megafunction instantiation "divisor2:inst17|lpm_counter:lpm_counter_component"
Info: Instantiated megafunction "divisor2:inst17|lpm_counter:lpm_counter_component" with the following parameter:
    Info: Parameter "lpm_direction" = "UP"
    Info: Parameter "lpm_modulus" = "12500000"
    Info: Parameter "lpm_port_updown" = "PORT_UNUSED"
    Info: Parameter "lpm_type" = "LPM_COUNTER"
    Info: Parameter "lpm_width" = "30"
Info: Found 1 design units, including 1 entities, in source file db/cntr_6ij.tdf
    Info: Found entity 1: cntr_6ij
Info: Elaborating entity "cntr_6ij" for hierarchy "divisor2:inst17|lpm_counter:lpm_counter_component|cntr_6ij:auto_generated"
Info: Elaborating entity "divisor100" for hierarchy "divisor100:inst24"
Info: Elaborating entity "lpm_counter" for hierarchy "divisor100:inst24|lpm_counter:lpm_counter_component"
Info: Elaborated megafunction instantiation "divisor100:inst24|lpm_counter:lpm_counter_component"
Info: Instantiated megafunction "divisor100:inst24|lpm_counter:lpm_counter_component" with the following parameter:
    Info: Parameter "lpm_direction" = "UP"
    Info: Parameter "lpm_modulus" = "250000"
    Info: Parameter "lpm_port_updown" = "PORT_UNUSED"
    Info: Parameter "lpm_type" = "LPM_COUNTER"
    Info: Parameter "lpm_width" = "30"
Info: Found 1 design units, including 1 entities, in source file db/cntr_5fj.tdf
    Info: Found entity 1: cntr_5fj
Info: Elaborating entity "cntr_5fj" for hierarchy "divisor100:inst24|lpm_counter:lpm_counter_component|cntr_5fj:auto_generated"
Info: Elaborating entity "divisor10" for hierarchy "divisor10:inst22"
Info: Elaborating entity "lpm_counter" for hierarchy "divisor10:inst22|lpm_counter:lpm_counter_component"
Info: Elaborated megafunction instantiation "divisor10:inst22|lpm_counter:lpm_counter_component"
Info: Instantiated megafunction "divisor10:inst22|lpm_counter:lpm_counter_component" with the following parameter:
    Info: Parameter "lpm_direction" = "UP"
    Info: Parameter "lpm_modulus" = "2500000"
    Info: Parameter "lpm_port_updown" = "PORT_UNUSED"
    Info: Parameter "lpm_type" = "LPM_COUNTER"
    Info: Parameter "lpm_width" = "30"
Info: Found 1 design units, including 1 entities, in source file db/cntr_lgj.tdf
    Info: Found entity 1: cntr_lgj
Info: Elaborating entity "cntr_lgj" for hierarchy "divisor10:inst22|lpm_counter:lpm_counter_component|cntr_lgj:auto_generated"
Info: Implemented 227 device resources after synthesis - the final resource count might be different
    Info: Implemented 7 input pins
    Info: Implemented 4 output pins
    Info: Implemented 216 logic cells
Info: Quartus II Analysis & Synthesis was successful. 0 errors, 0 warnings
    Info: Peak virtual memory: 220 megabytes
    Info: Processing ended: Fri Oct 03 16:10:29 2014
    Info: Elapsed time: 00:00:02
    Info: Total CPU time (on all processors): 00:00:03


