Classic Timing Analyzer report for ex3
Fri Aug 22 14:01:29 2014
Quartus II Version 9.1 Build 350 03/24/2010 Service Pack 2 SJ Web Edition


---------------------
; Table of Contents ;
---------------------
  1. Legal Notice
  2. Timing Analyzer Summary
  3. Timing Analyzer Settings
  4. Clock Settings Summary
  5. Parallel Compilation
  6. Clock Setup: 'CLOCK'
  7. tsu
  8. tco
  9. th
 10. Timing Analyzer Messages



----------------
; Legal Notice ;
----------------
Copyright (C) 1991-2010 Altera Corporation
Your use of Altera Corporation's design tools, logic functions 
and other software and tools, and its AMPP partner logic 
functions, and any output files from any of the foregoing 
(including device programming or simulation files), and any 
associated documentation or information are expressly subject 
to the terms and conditions of the Altera Program License 
Subscription Agreement, Altera MegaCore Function License 
Agreement, or other applicable license agreement, including, 
without limitation, that your use is for the sole purpose of 
programming logic devices manufactured by Altera and sold by 
Altera or its authorized distributors.  Please refer to the 
applicable agreement for further details.



+----------------------------------------------------------------------------------------------------------------------------------------------------------------+
; Timing Analyzer Summary                                                                                                                                        ;
+------------------------------+-------+---------------+------------------------------------------------+--------+--------+------------+----------+--------------+
; Type                         ; Slack ; Required Time ; Actual Time                                    ; From   ; To     ; From Clock ; To Clock ; Failed Paths ;
+------------------------------+-------+---------------+------------------------------------------------+--------+--------+------------+----------+--------------+
; Worst-case tsu               ; N/A   ; None          ; 4.819 ns                                       ; Q0     ; inst24 ; --         ; CLOCK    ; 0            ;
; Worst-case tco               ; N/A   ; None          ; 6.701 ns                                       ; inst24 ; SAIDA  ; CLOCK      ; --       ; 0            ;
; Worst-case th                ; N/A   ; None          ; -3.825 ns                                      ; Q2     ; inst22 ; --         ; CLOCK    ; 0            ;
; Clock Setup: 'CLOCK'         ; N/A   ; None          ; Restricted to 275.03 MHz ( period = 3.636 ns ) ; inst21 ; inst22 ; CLOCK      ; CLOCK    ; 0            ;
; Total number of failed paths ;       ;               ;                                                ;        ;        ;            ;          ; 0            ;
+------------------------------+-------+---------------+------------------------------------------------+--------+--------+------------+----------+--------------+


+-----------------------------------------------------------------------------------------------------------------------------------------------------+
; Timing Analyzer Settings                                                                                                                            ;
+------------------------------------------------------------------------------------------------------+--------------------+------+----+-------------+
; Option                                                                                               ; Setting            ; From ; To ; Entity Name ;
+------------------------------------------------------------------------------------------------------+--------------------+------+----+-------------+
; Device Name                                                                                          ; EP1C3T100C8        ;      ;    ;             ;
; Timing Models                                                                                        ; Final              ;      ;    ;             ;
; Default hold multicycle                                                                              ; Same as Multicycle ;      ;    ;             ;
; Cut paths between unrelated clock domains                                                            ; On                 ;      ;    ;             ;
; Cut off read during write signal paths                                                               ; On                 ;      ;    ;             ;
; Cut off feedback from I/O pins                                                                       ; On                 ;      ;    ;             ;
; Report Combined Fast/Slow Timing                                                                     ; Off                ;      ;    ;             ;
; Ignore Clock Settings                                                                                ; Off                ;      ;    ;             ;
; Analyze latches as synchronous elements                                                              ; On                 ;      ;    ;             ;
; Enable Recovery/Removal analysis                                                                     ; Off                ;      ;    ;             ;
; Enable Clock Latency                                                                                 ; Off                ;      ;    ;             ;
; Use TimeQuest Timing Analyzer                                                                        ; Off                ;      ;    ;             ;
; Minimum Core Junction Temperature                                                                    ; 0                  ;      ;    ;             ;
; Maximum Core Junction Temperature                                                                    ; 85                 ;      ;    ;             ;
; Number of source nodes to report per destination node                                                ; 10                 ;      ;    ;             ;
; Number of destination nodes to report                                                                ; 10                 ;      ;    ;             ;
; Number of paths to report                                                                            ; 200                ;      ;    ;             ;
; Report Minimum Timing Checks                                                                         ; Off                ;      ;    ;             ;
; Use Fast Timing Models                                                                               ; Off                ;      ;    ;             ;
; Report IO Paths Separately                                                                           ; Off                ;      ;    ;             ;
; Perform Multicorner Analysis                                                                         ; Off                ;      ;    ;             ;
; Reports the worst-case path for each clock domain and analysis                                       ; Off                ;      ;    ;             ;
; Reports worst-case timing paths for each clock domain and analysis                                   ; On                 ;      ;    ;             ;
; Specifies the maximum number of worst-case timing paths to report for each clock domain and analysis ; 100                ;      ;    ;             ;
; Removes common clock path pessimism (CCPP) during slack computation                                  ; Off                ;      ;    ;             ;
; Output I/O Timing Endpoint                                                                           ; Near End           ;      ;    ;             ;
+------------------------------------------------------------------------------------------------------+--------------------+------+----+-------------+


+------------------------------------------------------------------------------------------------------------------------------------------------------------------------------------+
; Clock Settings Summary                                                                                                                                                             ;
+-----------------+--------------------+----------+------------------+---------------+--------------+----------+-----------------------+---------------------+--------+--------------+
; Clock Node Name ; Clock Setting Name ; Type     ; Fmax Requirement ; Early Latency ; Late Latency ; Based on ; Multiply Base Fmax by ; Divide Base Fmax by ; Offset ; Phase offset ;
+-----------------+--------------------+----------+------------------+---------------+--------------+----------+-----------------------+---------------------+--------+--------------+
; CLOCK           ;                    ; User Pin ; None             ; 0.000 ns      ; 0.000 ns     ; --       ; N/A                   ; N/A                 ; N/A    ;              ;
+-----------------+--------------------+----------+------------------+---------------+--------------+----------+-----------------------+---------------------+--------+--------------+


Parallel compilation was disabled, but you have multiple processors available. Enable parallel compilation to reduce compilation time.
+-------------------------------------+
; Parallel Compilation                ;
+----------------------------+--------+
; Processors                 ; Number ;
+----------------------------+--------+
; Number detected on machine ; 2      ;
; Maximum allowed            ; 1      ;
+----------------------------+--------+


+--------------------------------------------------------------------------------------------------------------------------------------------------------------------------------------+
; Clock Setup: 'CLOCK'                                                                                                                                                                 ;
+-------+------------------------------------------------+--------+--------+------------+----------+-----------------------------+---------------------------+-------------------------+
; Slack ; Actual fmax (period)                           ; From   ; To     ; From Clock ; To Clock ; Required Setup Relationship ; Required Longest P2P Time ; Actual Longest P2P Time ;
+-------+------------------------------------------------+--------+--------+------------+----------+-----------------------------+---------------------------+-------------------------+
; N/A   ; Restricted to 275.03 MHz ( period = 3.636 ns ) ; inst21 ; inst22 ; CLOCK      ; CLOCK    ; None                        ; None                      ; 0.838 ns                ;
; N/A   ; Restricted to 275.03 MHz ( period = 3.636 ns ) ; inst22 ; inst23 ; CLOCK      ; CLOCK    ; None                        ; None                      ; 0.835 ns                ;
; N/A   ; Restricted to 275.03 MHz ( period = 3.636 ns ) ; inst23 ; inst24 ; CLOCK      ; CLOCK    ; None                        ; None                      ; 0.834 ns                ;
+-------+------------------------------------------------+--------+--------+------------+----------+-----------------------------+---------------------------+-------------------------+


+--------------------------------------------------------------------+
; tsu                                                                ;
+-------+--------------+------------+------------+--------+----------+
; Slack ; Required tsu ; Actual tsu ; From       ; To     ; To Clock ;
+-------+--------------+------------+------------+--------+----------+
; N/A   ; None         ; 4.819 ns   ; Q0         ; inst24 ; CLOCK    ;
; N/A   ; None         ; 4.595 ns   ; WRITESHIFT ; inst24 ; CLOCK    ;
; N/A   ; None         ; 4.594 ns   ; WRITESHIFT ; inst23 ; CLOCK    ;
; N/A   ; None         ; 4.594 ns   ; WRITESHIFT ; inst22 ; CLOCK    ;
; N/A   ; None         ; 4.508 ns   ; Q1         ; inst23 ; CLOCK    ;
; N/A   ; None         ; 4.256 ns   ; Q3         ; inst21 ; CLOCK    ;
; N/A   ; None         ; 3.877 ns   ; Q2         ; inst22 ; CLOCK    ;
+-------+--------------+------------+------------+--------+----------+


+-----------------------------------------------------------------+
; tco                                                             ;
+-------+--------------+------------+--------+-------+------------+
; Slack ; Required tco ; Actual tco ; From   ; To    ; From Clock ;
+-------+--------------+------------+--------+-------+------------+
; N/A   ; None         ; 6.701 ns   ; inst24 ; SAIDA ; CLOCK      ;
+-------+--------------+------------+--------+-------+------------+


+--------------------------------------------------------------------------+
; th                                                                       ;
+---------------+-------------+-----------+------------+--------+----------+
; Minimum Slack ; Required th ; Actual th ; From       ; To     ; To Clock ;
+---------------+-------------+-----------+------------+--------+----------+
; N/A           ; None        ; -3.825 ns ; Q2         ; inst22 ; CLOCK    ;
; N/A           ; None        ; -4.204 ns ; Q3         ; inst21 ; CLOCK    ;
; N/A           ; None        ; -4.456 ns ; Q1         ; inst23 ; CLOCK    ;
; N/A           ; None        ; -4.542 ns ; WRITESHIFT ; inst23 ; CLOCK    ;
; N/A           ; None        ; -4.542 ns ; WRITESHIFT ; inst22 ; CLOCK    ;
; N/A           ; None        ; -4.543 ns ; WRITESHIFT ; inst24 ; CLOCK    ;
; N/A           ; None        ; -4.767 ns ; Q0         ; inst24 ; CLOCK    ;
+---------------+-------------+-----------+------------+--------+----------+


+--------------------------+
; Timing Analyzer Messages ;
+--------------------------+
Info: *******************************************************************
Info: Running Quartus II Classic Timing Analyzer
    Info: Version 9.1 Build 350 03/24/2010 Service Pack 2 SJ Web Edition
    Info: Processing started: Fri Aug 22 14:01:28 2014
Info: Command: quartus_tan --read_settings_files=off --write_settings_files=off ex3 -c ex3 --timing_analysis_only
Warning: Found pins functioning as undefined clocks and/or memory enables
    Info: Assuming node "CLOCK" is an undefined clock
Info: Clock "CLOCK" Internal fmax is restricted to 275.03 MHz between source register "inst21" and destination register "inst22"
    Info: fmax restricted to Clock High delay (1.818 ns) plus Clock Low delay (1.818 ns) : restricted to 3.636 ns. Expand message to see actual delay path.
        Info: + Longest register to register delay is 0.838 ns
            Info: 1: + IC(0.000 ns) + CELL(0.000 ns) = 0.000 ns; Loc. = LC_X1_Y9_N5; Fanout = 1; REG Node = 'inst21'
            Info: 2: + IC(0.529 ns) + CELL(0.309 ns) = 0.838 ns; Loc. = LC_X1_Y9_N0; Fanout = 1; REG Node = 'inst22'
            Info: Total cell delay = 0.309 ns ( 36.87 % )
            Info: Total interconnect delay = 0.529 ns ( 63.13 % )
        Info: - Smallest clock skew is 0.000 ns
            Info: + Shortest clock path from clock "CLOCK" to destination register is 2.768 ns
                Info: 1: + IC(0.000 ns) + CELL(1.469 ns) = 1.469 ns; Loc. = PIN_10; Fanout = 4; CLK Node = 'CLOCK'
                Info: 2: + IC(0.588 ns) + CELL(0.711 ns) = 2.768 ns; Loc. = LC_X1_Y9_N0; Fanout = 1; REG Node = 'inst22'
                Info: Total cell delay = 2.180 ns ( 78.76 % )
                Info: Total interconnect delay = 0.588 ns ( 21.24 % )
            Info: - Longest clock path from clock "CLOCK" to source register is 2.768 ns
                Info: 1: + IC(0.000 ns) + CELL(1.469 ns) = 1.469 ns; Loc. = PIN_10; Fanout = 4; CLK Node = 'CLOCK'
                Info: 2: + IC(0.588 ns) + CELL(0.711 ns) = 2.768 ns; Loc. = LC_X1_Y9_N5; Fanout = 1; REG Node = 'inst21'
                Info: Total cell delay = 2.180 ns ( 78.76 % )
                Info: Total interconnect delay = 0.588 ns ( 21.24 % )
        Info: + Micro clock to output delay of source is 0.224 ns
        Info: + Micro setup delay of destination is 0.037 ns
Info: tsu for register "inst24" (data pin = "Q0", clock pin = "CLOCK") is 4.819 ns
    Info: + Longest pin to register delay is 7.550 ns
        Info: 1: + IC(0.000 ns) + CELL(1.469 ns) = 1.469 ns; Loc. = PIN_20; Fanout = 1; PIN Node = 'Q0'
        Info: 2: + IC(5.603 ns) + CELL(0.478 ns) = 7.550 ns; Loc. = LC_X1_Y9_N4; Fanout = 1; REG Node = 'inst24'
        Info: Total cell delay = 1.947 ns ( 25.79 % )
        Info: Total interconnect delay = 5.603 ns ( 74.21 % )
    Info: + Micro setup delay of destination is 0.037 ns
    Info: - Shortest clock path from clock "CLOCK" to destination register is 2.768 ns
        Info: 1: + IC(0.000 ns) + CELL(1.469 ns) = 1.469 ns; Loc. = PIN_10; Fanout = 4; CLK Node = 'CLOCK'
        Info: 2: + IC(0.588 ns) + CELL(0.711 ns) = 2.768 ns; Loc. = LC_X1_Y9_N4; Fanout = 1; REG Node = 'inst24'
        Info: Total cell delay = 2.180 ns ( 78.76 % )
        Info: Total interconnect delay = 0.588 ns ( 21.24 % )
Info: tco from clock "CLOCK" to destination pin "SAIDA" through register "inst24" is 6.701 ns
    Info: + Longest clock path from clock "CLOCK" to source register is 2.768 ns
        Info: 1: + IC(0.000 ns) + CELL(1.469 ns) = 1.469 ns; Loc. = PIN_10; Fanout = 4; CLK Node = 'CLOCK'
        Info: 2: + IC(0.588 ns) + CELL(0.711 ns) = 2.768 ns; Loc. = LC_X1_Y9_N4; Fanout = 1; REG Node = 'inst24'
        Info: Total cell delay = 2.180 ns ( 78.76 % )
        Info: Total interconnect delay = 0.588 ns ( 21.24 % )
    Info: + Micro clock to output delay of source is 0.224 ns
    Info: + Longest register to pin delay is 3.709 ns
        Info: 1: + IC(0.000 ns) + CELL(0.000 ns) = 0.000 ns; Loc. = LC_X1_Y9_N4; Fanout = 1; REG Node = 'inst24'
        Info: 2: + IC(1.585 ns) + CELL(2.124 ns) = 3.709 ns; Loc. = PIN_4; Fanout = 0; PIN Node = 'SAIDA'
        Info: Total cell delay = 2.124 ns ( 57.27 % )
        Info: Total interconnect delay = 1.585 ns ( 42.73 % )
Info: th for register "inst22" (data pin = "Q2", clock pin = "CLOCK") is -3.825 ns
    Info: + Longest clock path from clock "CLOCK" to destination register is 2.768 ns
        Info: 1: + IC(0.000 ns) + CELL(1.469 ns) = 1.469 ns; Loc. = PIN_10; Fanout = 4; CLK Node = 'CLOCK'
        Info: 2: + IC(0.588 ns) + CELL(0.711 ns) = 2.768 ns; Loc. = LC_X1_Y9_N0; Fanout = 1; REG Node = 'inst22'
        Info: Total cell delay = 2.180 ns ( 78.76 % )
        Info: Total interconnect delay = 0.588 ns ( 21.24 % )
    Info: + Micro hold delay of destination is 0.015 ns
    Info: - Shortest pin to register delay is 6.608 ns
        Info: 1: + IC(0.000 ns) + CELL(1.469 ns) = 1.469 ns; Loc. = PIN_5; Fanout = 1; PIN Node = 'Q2'
        Info: 2: + IC(4.532 ns) + CELL(0.607 ns) = 6.608 ns; Loc. = LC_X1_Y9_N0; Fanout = 1; REG Node = 'inst22'
        Info: Total cell delay = 2.076 ns ( 31.42 % )
        Info: Total interconnect delay = 4.532 ns ( 68.58 % )
Info: Quartus II Classic Timing Analyzer was successful. 0 errors, 1 warning
    Info: Peak virtual memory: 147 megabytes
    Info: Processing ended: Fri Aug 22 14:01:29 2014
    Info: Elapsed time: 00:00:01
    Info: Total CPU time (on all processors): 00:00:00


