Classic Timing Analyzer report for ex3
Fri Aug 29 16:42:24 2014
Quartus II Version 9.1 Build 350 03/24/2010 Service Pack 2 SJ Web Edition


---------------------
; Table of Contents ;
---------------------
  1. Legal Notice
  2. Timing Analyzer Summary
  3. Timing Analyzer Settings
  4. Clock Settings Summary
  5. Parallel Compilation
  6. Clock Setup: 'CLOCK'
  7. tco
  8. Timing Analyzer Messages



----------------
; Legal Notice ;
----------------
Copyright (C) 1991-2010 Altera Corporation
Your use of Altera Corporation's design tools, logic functions 
and other software and tools, and its AMPP partner logic 
functions, and any output files from any of the foregoing 
(including device programming or simulation files), and any 
associated documentation or information are expressly subject 
to the terms and conditions of the Altera Program License 
Subscription Agreement, Altera MegaCore Function License 
Agreement, or other applicable license agreement, including, 
without limitation, that your use is for the sole purpose of 
programming logic devices manufactured by Altera and sold by 
Altera or its authorized distributors.  Please refer to the 
applicable agreement for further details.



+-----------------------------------------------------------------------------------------------------------------------------------------------------------------------------+
; Timing Analyzer Summary                                                                                                                                                     ;
+------------------------------+-------+---------------+------------------------------------------------+---------------+--------------+------------+----------+--------------+
; Type                         ; Slack ; Required Time ; Actual Time                                    ; From          ; To           ; From Clock ; To Clock ; Failed Paths ;
+------------------------------+-------+---------------+------------------------------------------------+---------------+--------------+------------+----------+--------------+
; Worst-case tco               ; N/A   ; None          ; 15.281 ns                                      ; jkff2:inst4|2 ; Q3           ; CLOCK      ; --       ; 0            ;
; Clock Setup: 'CLOCK'         ; N/A   ; None          ; Restricted to 275.03 MHz ( period = 3.636 ns ) ; jkff2:inst|2  ; jkff2:inst|2 ; CLOCK      ; CLOCK    ; 0            ;
; Total number of failed paths ;       ;               ;                                                ;               ;              ;            ;          ; 0            ;
+------------------------------+-------+---------------+------------------------------------------------+---------------+--------------+------------+----------+--------------+


+-----------------------------------------------------------------------------------------------------------------------------------------------------+
; Timing Analyzer Settings                                                                                                                            ;
+------------------------------------------------------------------------------------------------------+--------------------+------+----+-------------+
; Option                                                                                               ; Setting            ; From ; To ; Entity Name ;
+------------------------------------------------------------------------------------------------------+--------------------+------+----+-------------+
; Device Name                                                                                          ; EP1C3T100C8        ;      ;    ;             ;
; Timing Models                                                                                        ; Final              ;      ;    ;             ;
; Default hold multicycle                                                                              ; Same as Multicycle ;      ;    ;             ;
; Cut paths between unrelated clock domains                                                            ; On                 ;      ;    ;             ;
; Cut off read during write signal paths                                                               ; On                 ;      ;    ;             ;
; Cut off feedback from I/O pins                                                                       ; On                 ;      ;    ;             ;
; Report Combined Fast/Slow Timing                                                                     ; Off                ;      ;    ;             ;
; Ignore Clock Settings                                                                                ; Off                ;      ;    ;             ;
; Analyze latches as synchronous elements                                                              ; On                 ;      ;    ;             ;
; Enable Recovery/Removal analysis                                                                     ; Off                ;      ;    ;             ;
; Enable Clock Latency                                                                                 ; Off                ;      ;    ;             ;
; Use TimeQuest Timing Analyzer                                                                        ; Off                ;      ;    ;             ;
; Minimum Core Junction Temperature                                                                    ; 0                  ;      ;    ;             ;
; Maximum Core Junction Temperature                                                                    ; 85                 ;      ;    ;             ;
; Number of source nodes to report per destination node                                                ; 10                 ;      ;    ;             ;
; Number of destination nodes to report                                                                ; 10                 ;      ;    ;             ;
; Number of paths to report                                                                            ; 200                ;      ;    ;             ;
; Report Minimum Timing Checks                                                                         ; Off                ;      ;    ;             ;
; Use Fast Timing Models                                                                               ; Off                ;      ;    ;             ;
; Report IO Paths Separately                                                                           ; Off                ;      ;    ;             ;
; Perform Multicorner Analysis                                                                         ; Off                ;      ;    ;             ;
; Reports the worst-case path for each clock domain and analysis                                       ; Off                ;      ;    ;             ;
; Reports worst-case timing paths for each clock domain and analysis                                   ; On                 ;      ;    ;             ;
; Specifies the maximum number of worst-case timing paths to report for each clock domain and analysis ; 100                ;      ;    ;             ;
; Removes common clock path pessimism (CCPP) during slack computation                                  ; Off                ;      ;    ;             ;
; Output I/O Timing Endpoint                                                                           ; Near End           ;      ;    ;             ;
+------------------------------------------------------------------------------------------------------+--------------------+------+----+-------------+


+------------------------------------------------------------------------------------------------------------------------------------------------------------------------------------+
; Clock Settings Summary                                                                                                                                                             ;
+-----------------+--------------------+----------+------------------+---------------+--------------+----------+-----------------------+---------------------+--------+--------------+
; Clock Node Name ; Clock Setting Name ; Type     ; Fmax Requirement ; Early Latency ; Late Latency ; Based on ; Multiply Base Fmax by ; Divide Base Fmax by ; Offset ; Phase offset ;
+-----------------+--------------------+----------+------------------+---------------+--------------+----------+-----------------------+---------------------+--------+--------------+
; CLOCK           ;                    ; User Pin ; None             ; 0.000 ns      ; 0.000 ns     ; --       ; N/A                   ; N/A                 ; N/A    ;              ;
+-----------------+--------------------+----------+------------------+---------------+--------------+----------+-----------------------+---------------------+--------+--------------+


Parallel compilation was disabled, but you have multiple processors available. Enable parallel compilation to reduce compilation time.
+-------------------------------------+
; Parallel Compilation                ;
+----------------------------+--------+
; Processors                 ; Number ;
+----------------------------+--------+
; Number detected on machine ; 2      ;
; Maximum allowed            ; 1      ;
+----------------------------+--------+


+----------------------------------------------------------------------------------------------------------------------------------------------------------------------------------------------------+
; Clock Setup: 'CLOCK'                                                                                                                                                                               ;
+-------+------------------------------------------------+---------------+---------------+------------+----------+-----------------------------+---------------------------+-------------------------+
; Slack ; Actual fmax (period)                           ; From          ; To            ; From Clock ; To Clock ; Required Setup Relationship ; Required Longest P2P Time ; Actual Longest P2P Time ;
+-------+------------------------------------------------+---------------+---------------+------------+----------+-----------------------------+---------------------------+-------------------------+
; N/A   ; Restricted to 275.03 MHz ( period = 3.636 ns ) ; jkff2:inst|2  ; jkff2:inst|2  ; CLOCK      ; CLOCK    ; None                        ; None                      ; 0.839 ns                ;
; N/A   ; Restricted to 275.03 MHz ( period = 3.636 ns ) ; jkff2:inst2|2 ; jkff2:inst2|2 ; CLOCK      ; CLOCK    ; None                        ; None                      ; 0.834 ns                ;
; N/A   ; Restricted to 275.03 MHz ( period = 3.636 ns ) ; jkff2:inst3|2 ; jkff2:inst3|2 ; CLOCK      ; CLOCK    ; None                        ; None                      ; 0.833 ns                ;
; N/A   ; Restricted to 275.03 MHz ( period = 3.636 ns ) ; jkff2:inst4|2 ; jkff2:inst4|2 ; CLOCK      ; CLOCK    ; None                        ; None                      ; 0.822 ns                ;
+-------+------------------------------------------------+---------------+---------------+------------+----------+-----------------------------+---------------------------+-------------------------+


+---------------------------------------------------------------------+
; tco                                                                 ;
+-------+--------------+------------+---------------+----+------------+
; Slack ; Required tco ; Actual tco ; From          ; To ; From Clock ;
+-------+--------------+------------+---------------+----+------------+
; N/A   ; None         ; 15.281 ns  ; jkff2:inst4|2 ; Q3 ; CLOCK      ;
; N/A   ; None         ; 14.007 ns  ; jkff2:inst3|2 ; Q2 ; CLOCK      ;
; N/A   ; None         ; 11.703 ns  ; jkff2:inst2|2 ; Q1 ; CLOCK      ;
; N/A   ; None         ; 8.823 ns   ; jkff2:inst|2  ; Q0 ; CLOCK      ;
+-------+--------------+------------+---------------+----+------------+


+--------------------------+
; Timing Analyzer Messages ;
+--------------------------+
Info: *******************************************************************
Info: Running Quartus II Classic Timing Analyzer
    Info: Version 9.1 Build 350 03/24/2010 Service Pack 2 SJ Web Edition
    Info: Processing started: Fri Aug 29 16:42:24 2014
Info: Command: quartus_tan --read_settings_files=off --write_settings_files=off ex3 -c ex3 --timing_analysis_only
Warning: Found pins functioning as undefined clocks and/or memory enables
    Info: Assuming node "CLOCK" is an undefined clock
Warning: Found 3 node(s) in clock paths which may be acting as ripple and/or gated clocks -- node(s) analyzed as buffer(s) resulting in clock skew
    Info: Detected ripple clock "jkff2:inst3|2" as buffer
    Info: Detected ripple clock "jkff2:inst2|2" as buffer
    Info: Detected ripple clock "jkff2:inst|2" as buffer
Info: Clock "CLOCK" Internal fmax is restricted to 275.03 MHz between source register "jkff2:inst|2" and destination register "jkff2:inst|2"
    Info: fmax restricted to Clock High delay (1.818 ns) plus Clock Low delay (1.818 ns) : restricted to 3.636 ns. Expand message to see actual delay path.
        Info: + Longest register to register delay is 0.839 ns
            Info: 1: + IC(0.000 ns) + CELL(0.000 ns) = 0.000 ns; Loc. = LC_X25_Y11_N5; Fanout = 4; REG Node = 'jkff2:inst|2'
            Info: 2: + IC(0.530 ns) + CELL(0.309 ns) = 0.839 ns; Loc. = LC_X25_Y11_N5; Fanout = 4; REG Node = 'jkff2:inst|2'
            Info: Total cell delay = 0.309 ns ( 36.83 % )
            Info: Total interconnect delay = 0.530 ns ( 63.17 % )
        Info: - Smallest clock skew is 0.000 ns
            Info: + Shortest clock path from clock "CLOCK" to destination register is 3.774 ns
                Info: 1: + IC(0.000 ns) + CELL(1.475 ns) = 1.475 ns; Loc. = PIN_78; Fanout = 1; CLK Node = 'CLOCK'
                Info: 2: + IC(1.588 ns) + CELL(0.711 ns) = 3.774 ns; Loc. = LC_X25_Y11_N5; Fanout = 4; REG Node = 'jkff2:inst|2'
                Info: Total cell delay = 2.186 ns ( 57.92 % )
                Info: Total interconnect delay = 1.588 ns ( 42.08 % )
            Info: - Longest clock path from clock "CLOCK" to source register is 3.774 ns
                Info: 1: + IC(0.000 ns) + CELL(1.475 ns) = 1.475 ns; Loc. = PIN_78; Fanout = 1; CLK Node = 'CLOCK'
                Info: 2: + IC(1.588 ns) + CELL(0.711 ns) = 3.774 ns; Loc. = LC_X25_Y11_N5; Fanout = 4; REG Node = 'jkff2:inst|2'
                Info: Total cell delay = 2.186 ns ( 57.92 % )
                Info: Total interconnect delay = 1.588 ns ( 42.08 % )
        Info: + Micro clock to output delay of source is 0.224 ns
        Info: + Micro setup delay of destination is 0.037 ns
Info: tco from clock "CLOCK" to destination pin "Q3" through register "jkff2:inst4|2" is 15.281 ns
    Info: + Longest clock path from clock "CLOCK" to source register is 9.193 ns
        Info: 1: + IC(0.000 ns) + CELL(1.475 ns) = 1.475 ns; Loc. = PIN_78; Fanout = 1; CLK Node = 'CLOCK'
        Info: 2: + IC(1.588 ns) + CELL(0.935 ns) = 3.998 ns; Loc. = LC_X25_Y11_N5; Fanout = 4; REG Node = 'jkff2:inst|2'
        Info: 3: + IC(0.796 ns) + CELL(0.935 ns) = 5.729 ns; Loc. = LC_X25_Y11_N3; Fanout = 4; REG Node = 'jkff2:inst2|2'
        Info: 4: + IC(1.247 ns) + CELL(0.935 ns) = 7.911 ns; Loc. = LC_X26_Y13_N6; Fanout = 4; REG Node = 'jkff2:inst3|2'
        Info: 5: + IC(0.571 ns) + CELL(0.711 ns) = 9.193 ns; Loc. = LC_X26_Y13_N5; Fanout = 3; REG Node = 'jkff2:inst4|2'
        Info: Total cell delay = 4.991 ns ( 54.29 % )
        Info: Total interconnect delay = 4.202 ns ( 45.71 % )
    Info: + Micro clock to output delay of source is 0.224 ns
    Info: + Longest register to pin delay is 5.864 ns
        Info: 1: + IC(0.000 ns) + CELL(0.000 ns) = 0.000 ns; Loc. = LC_X26_Y13_N5; Fanout = 3; REG Node = 'jkff2:inst4|2'
        Info: 2: + IC(3.756 ns) + CELL(2.108 ns) = 5.864 ns; Loc. = PIN_38; Fanout = 0; PIN Node = 'Q3'
        Info: Total cell delay = 2.108 ns ( 35.95 % )
        Info: Total interconnect delay = 3.756 ns ( 64.05 % )
Info: Quartus II Classic Timing Analyzer was successful. 0 errors, 2 warnings
    Info: Peak virtual memory: 147 megabytes
    Info: Processing ended: Fri Aug 29 16:42:24 2014
    Info: Elapsed time: 00:00:00
    Info: Total CPU time (on all processors): 00:00:00


